--------------------------------------------------------------------------------
Makelog started: 2025-07-17 11:56:24
Working directory: /Users/onkar/RA/template/paper_slides
--------------------------------------------------------------------------------
Input copies successfully created!
External copies successfully created!
Source logs successfully written!
WARNING! The following target files have been modified according to git status:
/Users/onkar/RA/template/analysis/output/regression.csv
/Users/onkar/RA/template/data/output/chips_sold.pdf
Executing command: `lyx -e pdf2 "/Users/onkar/RA/template/paper_slides/code/paper.lyx"`
This is pdfTeX, Version 3.141592653-2.6-1.40.27 (TeX Live 2025) (preloaded format=pdflatex)
 restricted \write18 enabled.
entering extended mode
(./paper.tex
LaTeX2e <2024-11-01> patch level 2
L3 programming layer <2025-01-18>

This is pdfTeX, Version 3.141592653-2.6-1.40.27 (TeX Live 2025) (preloaded format=pdflatex)
 restricted \write18 enabled.
entering extended mode
(./paper.tex
LaTeX2e <2024-11-01> patch level 2
L3 programming layer <2025-01-18>


Executing command: `lyx -e pdf2 "/Users/onkar/RA/template/paper_slides/code/online_appendix.lyx"`
This is pdfTeX, Version 3.141592653-2.6-1.40.27 (TeX Live 2025) (preloaded format=pdflatex)
 restricted \write18 enabled.
entering extended mode
(./online_appendix.tex
LaTeX2e <2024-11-01> patch level 2
L3 programming layer <2025-01-18>

This is pdfTeX, Version 3.141592653-2.6-1.40.27 (TeX Live 2025) (preloaded format=pdflatex)
 restricted \write18 enabled.
entering extended mode
(./online_appendix.tex
LaTeX2e <2024-11-01> patch level 2
L3 programming layer <2025-01-18>


Executing command: `lyx -e pdf2 "/Users/onkar/RA/template/paper_slides/code/slides.lyx"`
This is pdfTeX, Version 3.141592653-2.6-1.40.27 (TeX Live 2025) (preloaded format=pdflatex)
 restricted \write18 enabled.
entering extended mode
(./slides.tex
LaTeX2e <2024-11-01> patch level 2
L3 programming layer <2025-01-18>

This is pdfTeX, Version 3.141592653-2.6-1.40.27 (TeX Live 2025) (preloaded format=pdflatex)
 restricted \write18 enabled.
entering extended mode
(./slides.tex
LaTeX2e <2024-11-01> patch level 2
L3 programming layer <2025-01-18>


Output logs successfully written!
--------------------------------------------------------------------------------
Makelog ended: 2025-07-17 11:56:28
Working directory: /Users/onkar/RA/template/paper_slides
--------------------------------------------------------------------------------
