file name | last modified | file size
/Users/onkar/RA/template/lib/gslab_make/sphinx/build/html/_sources/pages/api/tablefill/gslab_make.tablefill.tablefill.rst.txt | 2025-06-18 00:42:01 | 90
/Users/onkar/RA/template/lib/gslab_make/sphinx/build/html/_sources/pages/api/move_sources/gslab_make.move_sources.copy_externals.rst.txt | 2025-06-18 00:42:01 | 108
/Users/onkar/RA/template/lib/gslab_make/docs/_static/css/fonts/lato-bold-italic.woff2 | 2025-06-18 00:42:01 | 193308
/Users/onkar/RA/template/lib/gslab_make/sphinx/build/html/pages/api/check_repo/gslab_make.check_repo.get_modified_sources.html | 2025-06-18 00:42:01 | 8467
/Users/onkar/RA/template/lib/gslab_make/build/lib/gslab_make/private/movedirective.py | 2025-06-18 00:42:01 | 12767
/Users/onkar/RA/template/lib/gslab_make/gslab_make/tablefill.py | 2025-06-18 00:42:01 | 20325
/Users/onkar/RA/template/lib/gslab_make/test/raw/tablefill/tablefill.txt | 2025-06-18 00:42:01 | 66
/Users/onkar/RA/template/lib/gslab_make/docs/_sources/pages/api/check_repo/gslab_make.check_repo.check_conda_status.rst.txt | 2025-06-18 00:42:01 | 118
/Users/onkar/RA/template/lib/gslab_make/build/lib/gslab_make/textfill_info.py | 2025-06-18 00:42:01 | 6314
/Users/onkar/RA/template/lib/gslab_make/docs/pages/api/run_program/gslab_make.run_program.run_mathematica.html | 2025-06-18 00:42:01 | 11115
/Users/onkar/RA/template/lib/gslab_make/docs/_static/fonts/Lato/lato-bold.woff2 | 2025-06-18 00:42:01 | 184912
/Users/onkar/RA/template/lib/gslab_make/sphinx/build/html/_static/fonts/RobotoSlab/roboto-slab-v7-bold.woff | 2025-06-18 00:42:01 | 87624
/Users/onkar/RA/template/lib/gslab_make/sphinx/build/html/_sources/pages/api/run_program/gslab_make.run_program.run_r.rst.txt | 2025-06-18 00:42:01 | 80
/Users/onkar/RA/template/lib/gslab_make/docs/pages/api/check_repo/gslab_make.check_repo.check_conda_status.html | 2025-06-18 00:42:01 | 6903
/Users/onkar/RA/template/lib/gslab_make/docs/_sources/pages/api/run_program/gslab_make.run_program.run_module.rst.txt | 2025-06-18 00:42:01 | 95
/Users/onkar/RA/template/lib/gslab_make/sphinx/build/html/_static/underscore.js | 2025-06-18 00:42:01 | 19530
/Users/onkar/RA/template/lib/gslab_make/gslab_make/__pycache__/textfill_info.cpython-310.pyc | 2025-06-18 00:42:13 | 6484
/Users/onkar/RA/template/lib/gslab_make/sphinx/build/html/_static/fonts/Lato/lato-italic.eot | 2025-06-18 00:42:01 | 268604
/Users/onkar/RA/template/data/output/data_cleaned.csv | 2025-07-17 18:56:21 | 10265592
/Users/onkar/RA/template/lib/gslab_make/sphinx/build/html/_static/fonts/fontawesome-webfont.svg | 2025-06-18 00:42:01 | 444379
/Users/onkar/RA/template/lib/gslab_make/CODE_OF_CONDUCT.md | 2025-06-18 00:42:01 | 3353
/Users/onkar/RA/template/lib/gslab_make/sphinx/build/html/_static/fonts/Lato/lato-italic.ttf | 2025-06-18 00:42:01 | 639388
/Users/onkar/RA/template/lib/gslab_make/test/EXCLUDE_test_R.py | 2025-06-18 00:42:01 | 8908
/Users/onkar/RA/template/lib/gslab_make/docs/_static/fonts/Inconsolata-Regular.ttf | 2025-06-18 00:42:01 | 96964
/Users/onkar/RA/template/lib/gslab_make/docs/_static/fonts/Lato/lato-italic.eot | 2025-06-18 00:42:01 | 268604
/Users/onkar/RA/template/lib/gslab_make/setup.py | 2025-06-18 00:42:01 | 738
/Users/onkar/RA/template/lib/gslab_make/sphinx/build/html/_static/js/theme.js | 2025-06-18 00:42:01 | 5023
/Users/onkar/RA/template/lib/gslab_make/sphinx/build/html/pages/api/make_utility/gslab_make.make_utility.update_executables.html | 2025-06-18 00:42:01 | 8060
/Users/onkar/RA/template/lib/gslab_make/sphinx/build/doctrees/pages/api/run_program/gslab_make.run_program.run_jupyter.doctree | 2025-06-18 00:42:01 | 13905
/Users/onkar/RA/template/lib/gslab_make/gslab_make/__pycache__/__init__.cpython-310.pyc | 2025-06-18 00:42:09 | 1637
/Users/onkar/RA/template/lib/gslab_make/sphinx/build/html/_static/searchtools.js | 2025-06-18 00:42:01 | 17120
/Users/onkar/RA/template/lib/gslab_make/test/test_python.py | 2025-06-18 00:42:01 | 7833
/Users/onkar/RA/template/lib/gslab_make/test/raw/move_sources/move_wildcard.txt | 2025-06-18 00:42:01 | 66
/Users/onkar/RA/template/lib/gslab_make/sphinx/source/pages/source_logging.rst | 2025-06-18 00:42:01 | 380
/Users/onkar/RA/template/lib/gslab_make/docs/pages/filling.html | 2025-06-18 00:42:01 | 16651
/Users/onkar/RA/template/lib/gslab_make/docs/_sources/pages/api/tablefill/gslab_make.tablefill.tablefill.rst.txt | 2025-06-18 00:42:01 | 90
/Users/onkar/RA/template/lib/gslab_make/sphinx/build/html/_static/fonts/Lato/lato-bolditalic.woff | 2025-06-18 00:42:01 | 323344
/Users/onkar/RA/template/lib/gslab_make/sphinx/build/html/pages/api/move_sources/gslab_make.move_sources.link_inputs.html | 2025-06-18 00:42:01 | 12909
/Users/onkar/RA/template/lib/gslab_make/test/raw/log_sources/dir space/file space.txt | 2025-06-18 00:42:01 | 20
/Users/onkar/RA/template/lib/gslab_make/gslab_make/private/utility.py | 2025-06-18 00:42:01 | 8202
/Users/onkar/RA/template/lib/gslab_make/sphinx/build/html/pages/api/make_utility/gslab_make.make_utility.update_paths.html | 2025-06-18 00:42:01 | 7320
/Users/onkar/RA/template/lib/gslab_make/sphinx/build/html/_static/jquery-3.5.1.js | 2025-06-18 00:42:01 | 287630
/Users/onkar/RA/template/lib/gslab_make/docs/_static/fonts/Lato/lato-bolditalic.woff2 | 2025-06-18 00:42:01 | 193308
/Users/onkar/RA/template/lib/gslab_make/sphinx/source/pages/api/run_program/gslab_make.run_program.run_sas.rst | 2025-06-18 00:42:01 | 86
/Users/onkar/RA/template/lib/gslab_make/sphinx/build/html/pages/api/run_program/gslab_make.run_program.run_latex.html | 2025-06-18 00:42:01 | 11553
/Users/onkar/RA/template/lib/gslab_make/test/raw/run_program/r_script_error.R | 2025-06-18 00:42:01 | 5
/Users/onkar/RA/template/lib/gslab_make/docs/_sources/pages/api/write_logs/gslab_make.write_logs.write_to_makelog.rst.txt | 2025-06-18 00:42:01 | 112
/Users/onkar/RA/template/lib/gslab_make/sphinx/build/doctrees/pages/filling.doctree | 2025-06-18 00:42:01 | 28711
/Users/onkar/RA/template/lib/gslab_make/sphinx/source/pages/api/run_program/gslab_make.run_program.run_module.rst | 2025-06-18 00:42:01 | 95
/Users/onkar/RA/template/lib/gslab_make/sphinx/source/pages/api/move_sources/gslab_make.move_sources.link_externals.rst | 2025-06-18 00:42:01 | 108
/Users/onkar/RA/template/lib/gslab_make/test/raw/run_program/python_script_arg.py | 2025-06-18 00:42:01 | 180
/Users/onkar/RA/template/lib/gslab_make/sphinx/build/html/_sources/pages/api/check_repo/gslab_make.check_repo.check_conda_status.rst.txt | 2025-06-18 00:42:01 | 118
/Users/onkar/RA/template/lib/gslab_make/sphinx/build/doctrees/pages/api/move_sources/gslab_make.move_sources.link_externals.doctree | 2025-06-18 00:42:01 | 21392
/Users/onkar/RA/template/lib/gslab_make/test/raw/run_program/python_script_é.py | 2025-06-18 00:42:01 | 169
/Users/onkar/RA/template/lib/gslab_make/docs/_static/css/fonts/Roboto-Slab-Regular.woff2 | 2025-06-18 00:42:01 | 66444
/Users/onkar/RA/template/lib/gslab_make/sphinx/build/html/_sources/pages/api/run_program/gslab_make.run_program.run_latex.rst.txt | 2025-06-18 00:42:01 | 92
/Users/onkar/RA/template/lib/gslab_make/build/lib/test/test_python.py | 2025-06-18 00:42:01 | 7833
/Users/onkar/RA/template/lib/gslab_make/sphinx/build/doctrees/pages/api/run_program/gslab_make.run_program.run_stat_transfer.doctree | 2025-06-18 00:42:01 | 18662
/Users/onkar/RA/template/lib/gslab_make/sphinx/build/html/_static/jquery-3.6.0.js | 2025-06-18 00:42:01 | 288580
/Users/onkar/RA/template/lib/gslab_make/sphinx/build/html/_static/fonts/Lato/lato-bold.woff2 | 2025-06-18 00:42:01 | 184912
/Users/onkar/RA/template/lib/gslab_make/sphinx/build/html/_sources/pages/api/run_program/gslab_make.run_program.run_mathematica.rst.txt | 2025-06-18 00:42:01 | 110
/Users/onkar/RA/template/lib/gslab_make/sphinx/build/doctrees/pages/api/modify_dir/gslab_make.modify_dir.remove_dir.doctree | 2025-06-18 00:42:01 | 10544
/Users/onkar/RA/template/lib/gslab_make/docs/pages/api/run_program/gslab_make.run_program.run_stata.html | 2025-06-18 00:42:01 | 11383
/Users/onkar/RA/template/lib/gslab_make/sphinx/source/pages/api/make_utility/gslab_make.make_utility.copy_output.rst | 2025-06-18 00:42:01 | 99
/Users/onkar/RA/template/lib/gslab_make/sphinx/build/html/_static/fonts/Lato/lato-regular.woff | 2025-06-18 00:42:01 | 309192
/Users/onkar/RA/template/lib/gslab_make/sphinx/build/html/_static/fonts/fontawesome-webfont.ttf | 2025-06-18 00:42:01 | 165548
/Users/onkar/RA/template/lib/gslab_make/sphinx/source/pages/directory.rst | 2025-06-18 00:42:01 | 344
/Users/onkar/RA/template/lib/gslab_make/sphinx/build/html/_static/fonts/fontawesome-webfont.woff2 | 2025-06-18 00:42:01 | 77160
/Users/onkar/RA/template/lib/gslab_make/sphinx/build/html/pages/api/move_sources/gslab_make.move_sources.link_externals.html | 2025-06-18 00:42:01 | 12943
/Users/onkar/RA/template/lib/gslab_make/docs/pages/api/make_utility/gslab_make.make_utility.update_external_paths.html | 2025-06-18 00:42:01 | 8194
/Users/onkar/RA/template/lib/gslab_make/docs/_static/underscore-1.13.1.js | 2025-06-18 00:42:01 | 68420
/Users/onkar/RA/template/lib/gslab_make/docs/_static/fonts/fontawesome-webfont.woff2 | 2025-06-18 00:42:01 | 77160
/Users/onkar/RA/template/lib/gslab_make/test/raw/move_sources/file_╬▓.txt | 2025-06-18 00:42:01 | 0
/Users/onkar/RA/template/lib/gslab_make/docs/_static/fonts/RobotoSlab/roboto-slab-v7-regular.eot | 2025-06-18 00:42:01 | 78331
/Users/onkar/RA/template/lib/gslab_make/docs/_sources/pages/api/modify_dir/gslab_make.modify_dir.unzip.rst.txt | 2025-06-18 00:42:01 | 79
/Users/onkar/RA/template/lib/gslab_make/sphinx/source/pages/api/move_sources/gslab_make.move_sources.copy_inputs.rst | 2025-06-18 00:42:01 | 99
/Users/onkar/RA/template/lib/gslab_make/sphinx/build/html/_static/jquery.js | 2025-06-18 00:42:01 | 89501
/Users/onkar/RA/template/lib/gslab_make/sphinx/build/html/_static/css/fonts/Roboto-Slab-Regular.woff2 | 2025-06-18 00:42:01 | 66444
/Users/onkar/RA/template/lib/gslab_make/sphinx/build/html/index.html | 2025-06-18 00:42:01 | 7435
/Users/onkar/RA/template/lib/gslab_make/sphinx/build/doctrees/pages/api/run_program/gslab_make.run_program.run_r.doctree | 2025-06-18 00:42:01 | 18272
/Users/onkar/RA/template/lib/gslab_make/sphinx/source/pages/api/write_logs/gslab_make.write_logs.end_makelog.rst | 2025-06-18 00:42:01 | 97
/Users/onkar/RA/template/lib/gslab_make/docs/_static/fonts/Lato/lato-regular.ttf | 2025-06-18 00:42:01 | 607720
/Users/onkar/RA/template/lib/gslab_make/sphinx/source/pages/api/modify_dir/gslab_make.modify_dir.clear_dir.rst | 2025-06-18 00:42:01 | 91
/Users/onkar/RA/template/lib/gslab_make/sphinx/build/html/_static/fonts/Lato/lato-bold.eot | 2025-06-18 00:42:01 | 256056
/Users/onkar/RA/template/lib/gslab_make/test/raw/run_program/lyx_file.lyx | 2025-06-18 00:42:01 | 1608
/Users/onkar/RA/template/lib/gslab_make/sphinx/build/html/_static/doctools.js | 2025-06-18 00:42:01 | 8171
/Users/onkar/RA/template/lib/gslab_make/sphinx/build/doctrees/pages/specifying_paths.doctree | 2025-06-18 00:42:01 | 17011
/Users/onkar/RA/template/lib/gslab_make/sphinx/build/doctrees/pages/utility.doctree | 2025-06-18 00:42:01 | 27978
/Users/onkar/RA/template/lib/gslab_make/sphinx/build/html/_static/fonts/Inconsolata-Regular.ttf | 2025-06-18 00:42:01 | 96964
/Users/onkar/RA/template/lib/gslab_make/test/utility.py | 2025-06-18 00:42:01 | 1404
/Users/onkar/RA/template/lib/gslab_make/docs/_sources/pages/api/make_utility/gslab_make.make_utility.update_internal_paths.rst.txt | 2025-06-18 00:42:01 | 129
/Users/onkar/RA/template/lib/gslab_make/sphinx/build/html/_static/fonts/RobotoSlab-Bold.ttf | 2025-06-18 00:42:01 | 170616
/Users/onkar/RA/template/lib/gslab_make/sphinx/build/html/_sources/pages/api/write_logs/gslab_make.write_logs.write_to_makelog.rst.txt | 2025-06-18 00:42:01 | 112
/Users/onkar/RA/template/lib/gslab_make/sphinx/source/pages/sourcing.rst | 2025-06-18 00:42:01 | 548
/Users/onkar/RA/template/lib/gslab_make/docs/_static/css/fonts/fontawesome-webfont.woff | 2025-06-18 00:42:01 | 98024
/Users/onkar/RA/template/lib/gslab_make/sphinx/build/html/_static/fonts/RobotoSlab/roboto-slab-v7-bold.ttf | 2025-06-18 00:42:01 | 170616
/Users/onkar/RA/template/lib/gslab_make/build/lib/gslab_make/write_logs.py | 2025-06-18 00:42:01 | 10665
/Users/onkar/RA/template/lib/gslab_make/sphinx/build/html/_static/fonts/Lato-Bold.ttf | 2025-06-18 00:42:01 | 656544
/Users/onkar/RA/template/lib/gslab_make/docs/_sources/pages/api/make_utility/gslab_make.make_utility.update_paths.rst.txt | 2025-06-18 00:42:01 | 102
/Users/onkar/RA/template/lib/gslab_make/sphinx/build/doctrees/pages/api/write_logs/gslab_make.write_logs.end_makelog.doctree | 2025-06-18 00:42:01 | 7295
/Users/onkar/RA/template/lib/gslab_make/test/raw/move_sources/move space.txt | 2025-06-18 00:42:01 | 76
/Users/onkar/RA/template/lib/gslab_make/build/lib/gslab_make/move_sources.py | 2025-06-18 00:42:01 | 19397
/Users/onkar/RA/template/lib/gslab_make/test/raw/run_program/matlab_script space.m | 2025-06-18 00:42:01 | 84
/Users/onkar/RA/template/lib/gslab_make/sphinx/build/html/_sources/pages/api/run_program/gslab_make.run_program.run_matlab.rst.txt | 2025-06-18 00:42:01 | 95
/Users/onkar/RA/template/lib/gslab_make/build/lib/gslab_make/make_utility.py | 2025-06-18 00:42:01 | 5785
/Users/onkar/RA/template/lib/gslab_make/sphinx/build/doctrees/pages/api/write_source_logs/gslab_make.write_source_logs.write_source_logs.doctree | 2025-06-18 00:42:01 | 19112
/Users/onkar/RA/template/lib/gslab_make/docs/_sources/pages/api/write_logs/gslab_make.write_logs.log_files_in_output.rst.txt | 2025-06-18 00:42:01 | 121
/Users/onkar/RA/template/lib/gslab_make/test/EXCLUDE_test_perl.py | 2025-06-18 00:42:01 | 9024
/Users/onkar/RA/template/lib/gslab_make/build/lib/test/WIP_test_matlab.py | 2025-06-18 00:42:01 | 8781
/Users/onkar/RA/template/lib/gslab_make/docs/_sources/pages/api/make_utility/gslab_make.make_utility.copy_output.rst.txt | 2025-06-18 00:42:01 | 99
/Users/onkar/RA/template/lib/gslab_make/sphinx/source/pages/specifying_paths.rst | 2025-06-18 00:42:01 | 2616
/Users/onkar/RA/template/lib/gslab_make/docs/_static/css/fonts/lato-bold-italic.woff | 2025-06-18 00:42:01 | 323344
/Users/onkar/RA/template/lib/gslab_make/docs/_sources/pages/sourcing.rst.txt | 2025-06-18 00:42:01 | 548
/Users/onkar/RA/template/lib/gslab_make/docs/_sources/pages/api/run_program/gslab_make.run_program.run_jupyter.rst.txt | 2025-06-18 00:42:01 | 98
/Users/onkar/RA/template/lib/gslab_make/test/raw/move_sources/move_empty.txt | 2025-06-18 00:42:01 | 22
/Users/onkar/RA/template/lib/gslab_make/build/lib/gslab_make/tablefill.py | 2025-06-18 00:42:01 | 20325
/Users/onkar/RA/template/lib/gslab_make/sphinx/build/html/_static/fonts/Lato/lato-bolditalic.eot | 2025-06-18 00:42:01 | 266158
/Users/onkar/RA/template/lib/gslab_make/sphinx/source/pages/api/write_logs/gslab_make.write_logs.write_to_makelog.rst | 2025-06-18 00:42:01 | 112
/Users/onkar/RA/template/lib/gslab_make/test/raw/run_program/lyx_file_handout_handout.lyx.bak | 2025-06-18 00:42:01 | 2000
/Users/onkar/RA/template/lib/gslab_make/docs/_static/css/fonts/Roboto-Slab-Bold.woff | 2025-06-18 00:42:01 | 87624
/Users/onkar/RA/template/lib/gslab_make/test/raw/tablefill/tablefill_template_missing_input.lyx | 2025-06-18 00:42:01 | 4264
/Users/onkar/RA/template/lib/gslab_make/docs/_static/js/html5shiv.min.js | 2025-06-18 00:42:01 | 2734
/Users/onkar/RA/template/lib/gslab_make/docs/_static/jquery-3.5.1.js | 2025-06-18 00:42:01 | 287630
/Users/onkar/RA/template/lib/gslab_make/docs/_static/fonts/RobotoSlab-Bold.ttf | 2025-06-18 00:42:01 | 170616
/Users/onkar/RA/template/lib/gslab_make/docs/pages/api/run_program/gslab_make.run_program.run_jupyter.html | 2025-06-18 00:42:01 | 10603
/Users/onkar/RA/template/lib/gslab_make/sphinx/build/html/pages/specifying_paths.html | 2025-06-18 00:42:01 | 11742
/Users/onkar/RA/template/lib/gslab_make/sphinx/build/html/pages/api/tablefill/gslab_make.tablefill.tablefill.html | 2025-06-18 00:42:01 | 16420
/Users/onkar/RA/template/lib/gslab_make/docs/pages/source_logging.html | 2025-06-18 00:42:01 | 10550
/Users/onkar/RA/template/lib/gslab_make/test/raw/run_program/r_script.R | 2025-06-18 00:42:01 | 100
/Users/onkar/RA/template/lib/gslab_make/sphinx/build/doctrees/pages/api/run_program/gslab_make.run_program.run_latex.doctree | 2025-06-18 00:42:01 | 19976
/Users/onkar/RA/template/lib/gslab_make/sphinx/source/pages/api/move_sources/gslab_make.move_sources.link_inputs.rst | 2025-06-18 00:42:01 | 99
/Users/onkar/RA/template/lib/gslab_make/build/lib/test/EXCLUDE_test_lyx.py | 2025-06-18 00:42:01 | 10072
/Users/onkar/RA/template/lib/gslab_make/test/raw/run_program/perl_script_error.pl | 2025-06-18 00:42:01 | 5
/Users/onkar/RA/template/lib/gslab_make/sphinx/build/html/pages/api/move_sources/gslab_make.move_sources.copy_externals.html | 2025-06-18 00:42:01 | 12720
/Users/onkar/RA/template/lib/gslab_make/sphinx/build/html/pages/repository.html | 2025-06-18 00:42:01 | 11136
/Users/onkar/RA/template/lib/gslab_make/sphinx/build/html/_static/fonts/Lato/lato-italic.woff | 2025-06-18 00:42:01 | 328412
/Users/onkar/RA/template/lib/gslab_make/docs/objects.inv | 2025-06-18 00:42:01 | 1891
/Users/onkar/RA/template/lib/gslab_make/sphinx/build/html/_sources/pages/api/make_utility/gslab_make.make_utility.update_executables.rst.txt | 2025-06-18 00:42:01 | 120
/Users/onkar/RA/template/lib/gslab_make/docs/pages/api/run_program/gslab_make.run_program.run_r.html | 2025-06-18 00:42:01 | 11025
/Users/onkar/RA/template/lib/gslab_make/docs/pages/api/move_sources/gslab_make.move_sources.copy_inputs.html | 2025-06-18 00:42:01 | 12730
/Users/onkar/RA/template/lib/gslab_make/gslab_make/__pycache__/textfill.cpython-310.pyc | 2025-06-18 00:42:13 | 5139
/Users/onkar/RA/template/lib/gslab_make/test/raw/tablefill/tablefill_template space.lyx | 2025-06-18 00:42:01 | 4256
/Users/onkar/RA/template/lib/gslab_make/docs/_sources/pages/api/write_source_logs/gslab_make.write_source_logs.write_source_logs.rst.txt | 2025-06-18 00:42:01 | 122
/Users/onkar/RA/template/lib/gslab_make/docs/pages/api/run_program/gslab_make.run_program.run_lyx.html | 2025-06-18 00:42:01 | 12004
/Users/onkar/RA/template/lib/gslab_make/sphinx/build/html/pages/utility.html | 2025-06-18 00:42:01 | 11918
/Users/onkar/RA/template/lib/gslab_make/sphinx/build/doctrees/pages/api/check_repo/gslab_make.check_repo.check_conda_status.doctree | 2025-06-18 00:42:01 | 6096
/Users/onkar/RA/template/lib/gslab_make/sphinx/build/doctrees/pages/api/run_program/gslab_make.run_program.run_sas.doctree | 2025-06-18 00:42:01 | 20428
/Users/onkar/RA/template/lib/gslab_make/sphinx/build/doctrees/index.doctree | 2025-06-18 00:42:01 | 6021
/Users/onkar/RA/template/lib/gslab_make/sphinx/build/html/_sources/pages/api/write_logs/gslab_make.write_logs.log_files_in_output.rst.txt | 2025-06-18 00:42:01 | 121
/Users/onkar/RA/template/lib/gslab_make/sphinx/build/html/_static/css/fonts/fontawesome-webfont.svg | 2025-06-18 00:42:01 | 444379
/Users/onkar/RA/template/lib/gslab_make/docs/_static/language_data.js | 2025-06-18 00:42:01 | 4758
/Users/onkar/RA/template/lib/gslab_make/docs/_static/fonts/Lato-Bold.ttf | 2025-06-18 00:42:01 | 656544
/Users/onkar/RA/template/lib/gslab_make/test/raw/config/config_user_empty.yaml | 2025-06-18 00:42:01 | 96
/Users/onkar/RA/template/lib/gslab_make/sphinx/build/html/_sources/pages/dummy.rst.txt | 2025-06-18 00:42:01 | 741
/Users/onkar/RA/template/lib/gslab_make/test/raw/run_program/r_script space.R | 2025-06-18 00:42:01 | 100
/Users/onkar/RA/template/lib/gslab_make/build/lib/gslab_make/check_repo.py | 2025-06-18 00:42:01 | 14471
/Users/onkar/RA/template/lib/gslab_make/test/test_log_outputs.py | 2025-06-18 00:42:01 | 5431
/Users/onkar/RA/template/lib/gslab_make/sphinx/build/html/genindex.html | 2025-06-18 00:42:01 | 13012
/Users/onkar/RA/template/lib/gslab_make/sphinx/make.bat | 2025-06-18 00:42:01 | 941
/Users/onkar/RA/template/lib/gslab_make/sphinx/build/html/_static/basic.css | 2025-06-18 00:42:01 | 14621
/Users/onkar/RA/template/lib/gslab_make/sphinx/build/html/_sources/pages/source_logging.rst.txt | 2025-06-18 00:42:01 | 380
/Users/onkar/RA/template/lib/gslab_make/docs/pages/api/run_program/gslab_make.run_program.run_sas.html | 2025-06-18 00:42:01 | 11516
/Users/onkar/RA/template/lib/gslab_make/sphinx/build/html/_static/css/fonts/fontawesome-webfont.eot | 2025-06-18 00:42:01 | 165742
/Users/onkar/RA/template/lib/gslab_make/docs/_static/fonts/Lato/lato-regular.woff | 2025-06-18 00:42:01 | 309192
/Users/onkar/RA/template/lib/gslab_make/build/lib/test/test_log_sources.py | 2025-06-18 00:42:01 | 5021
/Users/onkar/RA/template/lib/gslab_make/sphinx/build/html/pages/api/run_program/gslab_make.run_program.run_matlab.html | 2025-06-18 00:42:01 | 11102
/Users/onkar/RA/template/lib/gslab_make/sphinx/build/html/_static/fonts/Lato/lato-bolditalic.woff2 | 2025-06-18 00:42:01 | 193308
/Users/onkar/RA/template/lib/gslab_make/docs/_sources/pages/general_logging.rst.txt | 2025-06-18 00:42:01 | 655
/Users/onkar/RA/template/lib/gslab_make/gslab_make/__pycache__/write_logs.cpython-310.pyc | 2025-06-18 00:42:10 | 8939
/Users/onkar/RA/template/lib/gslab_make/test/raw/run_program/python_script space.py | 2025-06-18 00:42:01 | 169
/Users/onkar/RA/template/lib/gslab_make/docs/pages/api/make_utility/gslab_make.make_utility.update_paths.html | 2025-06-18 00:42:01 | 7320
/Users/onkar/RA/template/lib/gslab_make/docs/pages/api/tablefill/gslab_make.tablefill.tablefill.html | 2025-06-18 00:42:01 | 16420
/Users/onkar/RA/template/lib/gslab_make/docs/pages/api/check_repo/gslab_make.check_repo.get_modified_sources.html | 2025-06-18 00:42:01 | 8467
/Users/onkar/RA/template/lib/gslab_make/build/lib/gslab_make/private/metadata.py | 2025-06-18 00:42:01 | 3937
/Users/onkar/RA/template/lib/gslab_make/docs/_static/fonts/Lato/lato-bold.ttf | 2025-06-18 00:42:01 | 600856
/Users/onkar/RA/template/lib/gslab_make/sphinx/build/doctrees/pages/api/modify_dir/gslab_make.modify_dir.unzip.doctree | 2025-06-18 00:42:01 | 7085
/Users/onkar/RA/template/lib/gslab_make/docs/pages/api/write_logs/gslab_make.write_logs.log_files_in_output.html | 2025-06-18 00:42:01 | 10522
/Users/onkar/RA/template/lib/gslab_make/gslab_make/write_source_logs.py | 2025-06-18 00:42:01 | 4866
/Users/onkar/RA/template/lib/gslab_make/docs/_sources/pages/directory.rst.txt | 2025-06-18 00:42:01 | 344
/Users/onkar/RA/template/lib/gslab_make/sphinx/build/html/_static/css/fonts/lato-normal.woff | 2025-06-18 00:42:01 | 309192
/Users/onkar/RA/template/lib/gslab_make/gslab_make/__pycache__/check_repo.cpython-310.pyc | 2025-06-18 00:42:09 | 13635
/Users/onkar/RA/template/lib/gslab_make/docs/_static/css/fonts/lato-bold.woff | 2025-06-18 00:42:01 | 309728
/Users/onkar/RA/template/lib/gslab_make/docs/_static/fonts/Lato/lato-bolditalic.eot | 2025-06-18 00:42:01 | 266158
/Users/onkar/RA/template/lib/gslab_make/sphinx/build/html/pages/api/run_program/gslab_make.run_program.run_mathematica.html | 2025-06-18 00:42:01 | 11115
/Users/onkar/RA/template/lib/gslab_make/docs/pages/api/make_utility/gslab_make.make_utility.update_internal_paths.html | 2025-06-18 00:42:01 | 7751
/Users/onkar/RA/template/lib/gslab_make/docs/pages/api/write_logs/gslab_make.write_logs.start_makelog.html | 2025-06-18 00:42:01 | 7506
/Users/onkar/RA/template/lib/gslab_make/sphinx/build/doctrees/pages/general_logging.doctree | 2025-06-18 00:42:01 | 35258
/Users/onkar/RA/template/lib/gslab_make/sphinx/build/html/pages/api/run_program/gslab_make.run_program.execute_command.html | 2025-06-18 00:42:01 | 10991
/Users/onkar/RA/template/lib/gslab_make/test/__init__.py | 2025-06-18 00:42:01 | 0
/Users/onkar/RA/template/lib/gslab_make/test/raw/run_program/matlab_script.m | 2025-06-18 00:42:01 | 84
/Users/onkar/RA/template/lib/gslab_make/sphinx/source/pages/utility.rst | 2025-06-18 00:42:01 | 327
/Users/onkar/RA/template/lib/gslab_make/sphinx/build/html/_sources/pages/program.rst.txt | 2025-06-18 00:42:01 | 2704
/Users/onkar/RA/template/lib/gslab_make/test/raw/run_program/lyx_file_error.lyx | 2025-06-18 00:42:01 | 5
/Users/onkar/RA/template/lib/gslab_make/build/lib/test/EXCLUDE_test_stata.py | 2025-06-18 00:42:01 | 8779
/Users/onkar/RA/template/lib/gslab_make/test/raw/log_sources/dir_╬▓/file_╬▓.txt | 2025-06-18 00:42:01 | 25
/Users/onkar/RA/template/lib/gslab_make/test/raw/log_outputs/dir/file.txt | 2025-06-18 00:42:01 | 20
/Users/onkar/RA/template/lib/gslab_make/docs/_sources/pages/api/move_sources/gslab_make.move_sources.copy_externals.rst.txt | 2025-06-18 00:42:01 | 108
/Users/onkar/RA/template/lib/gslab_make/sphinx/build/html/_static/fonts/RobotoSlab/roboto-slab-v7-regular.eot | 2025-06-18 00:42:01 | 78331
/Users/onkar/RA/template/lib/gslab_make/docs/pages/api/modify_dir/gslab_make.modify_dir.remove_dir.html | 2025-06-18 00:42:01 | 7960
/Users/onkar/RA/template/lib/gslab_make/test/test_tablefill.py | 2025-06-18 00:42:01 | 4588
/Users/onkar/RA/template/lib/gslab_make/test/raw/run_program/r_script_╬▓.R | 2025-06-18 00:42:01 | 107
/Users/onkar/RA/template/lib/gslab_make/test/raw/tablefill/tablefill space.txt | 2025-06-18 00:42:01 | 66
/Users/onkar/RA/template/lib/gslab_make/sphinx/source/pages/api/check_repo/gslab_make.check_repo.get_modified_sources.rst | 2025-06-18 00:42:01 | 124
/Users/onkar/RA/template/lib/gslab_make/docs/pages/api/run_program/gslab_make.run_program.run_latex.html | 2025-06-18 00:42:01 | 11553
/Users/onkar/RA/template/lib/gslab_make/sphinx/build/html/pages/api/run_program/gslab_make.run_program.run_r.html | 2025-06-18 00:42:01 | 11025
/Users/onkar/RA/template/lib/gslab_make/sphinx/build/doctrees/pages/api/modify_dir/gslab_make.modify_dir.zip_dir.doctree | 2025-06-18 00:42:01 | 7048
/Users/onkar/RA/template/lib/gslab_make/build/lib/test/EXCLUDE_test_R.py | 2025-06-18 00:42:01 | 8908
/Users/onkar/RA/template/lib/gslab_make/gslab_make/private/programdirective.py | 2025-06-18 00:42:01 | 10360
/Users/onkar/RA/template/lib/gslab_make/sphinx/build/doctrees/pages/api/tablefill/gslab_make.tablefill.tablefill.doctree | 2025-06-18 00:42:01 | 27797
/Users/onkar/RA/template/lib/gslab_make/docs/_sources/pages/program.rst.txt | 2025-06-18 00:42:01 | 2704
/Users/onkar/RA/template/lib/gslab_make/test/raw/log_sources/move_recursion.txt | 2025-06-18 00:42:01 | 34
/Users/onkar/RA/template/lib/gslab_make/sphinx/build/doctrees/pages/api/run_program/gslab_make.run_program.run_mathematica.doctree | 2025-06-18 00:42:01 | 18442
/Users/onkar/RA/template/lib/gslab_make/docs/searchindex.js | 2025-06-18 00:42:01 | 28186
/Users/onkar/RA/template/lib/gslab_make/gslab_make/private/__pycache__/metadata.cpython-310.pyc | 2025-06-18 00:42:10 | 2061
/Users/onkar/RA/template/lib/gslab_make/sphinx/build/doctrees/pages/api/make_utility/gslab_make.make_utility.update_internal_paths.doctree | 2025-06-18 00:42:01 | 8620
/Users/onkar/RA/template/lib/gslab_make/docs/_static/css/fonts/fontawesome-webfont.woff2 | 2025-06-18 00:42:01 | 77160
/Users/onkar/RA/template/lib/gslab_make/sphinx/build/html/_sources/pages/api/run_program/gslab_make.run_program.run_stat_transfer.rst.txt | 2025-06-18 00:42:01 | 116
/Users/onkar/RA/template/lib/gslab_make/sphinx/build/doctrees/pages/api/run_program/gslab_make.run_program.run_perl.doctree | 2025-06-18 00:42:01 | 18448
/Users/onkar/RA/template/lib/gslab_make/docs/_static/jquery-3.6.0.js | 2025-06-18 00:42:01 | 288580
/Users/onkar/RA/template/lib/gslab_make/gslab_make/__init__.py | 2025-06-18 00:42:01 | 2685
/Users/onkar/RA/template/lib/gslab_make/test/raw/move_sources/file.txt | 2025-06-18 00:42:01 | 0
/Users/onkar/RA/template/lib/gslab_make/docs/_static/css/fonts/lato-bold.woff2 | 2025-06-18 00:42:01 | 184912
/Users/onkar/RA/template/lib/gslab_make/docs/genindex.html | 2025-06-18 00:42:01 | 13012
/Users/onkar/RA/template/lib/gslab_make/sphinx/build/html/_static/css/fonts/fontawesome-webfont.woff | 2025-06-18 00:42:01 | 98024
/Users/onkar/RA/template/lib/gslab_make/sphinx/build/html/pages/api/write_logs/gslab_make.write_logs.write_to_makelog.html | 2025-06-18 00:42:01 | 7391
/Users/onkar/RA/template/lib/gslab_make/test/EXCLUDE_test_lyx.py | 2025-06-18 00:42:01 | 10072
/Users/onkar/RA/template/lib/gslab_make/test/raw/move_sources/move_bad_key.txt | 2025-06-18 00:42:01 | 48
/Users/onkar/RA/template/lib/gslab_make/sphinx/build/html/_static/fonts/fontawesome-webfont.eot | 2025-06-18 00:42:01 | 165742
/Users/onkar/RA/template/lib/gslab_make/sphinx/source/pages/api/run_program/gslab_make.run_program.run_perl.rst | 2025-06-18 00:42:01 | 89
/Users/onkar/RA/template/lib/gslab_make/sphinx/source/pages/api/run_program/gslab_make.run_program.run_mathematica.rst | 2025-06-18 00:42:01 | 110
/Users/onkar/RA/template/lib/gslab_make/test/raw/move_sources/move_bad.txt | 2025-06-18 00:42:01 | 31
/Users/onkar/RA/template/lib/gslab_make/test/raw/run_program/stata_script_error.do | 2025-06-18 00:42:01 | 5
/Users/onkar/RA/template/lib/gslab_make/docs/_static/fonts/Lato/lato-italic.woff2 | 2025-06-18 00:42:01 | 195704
/Users/onkar/RA/template/lib/gslab_make/sphinx/source/pages/api/make_utility/gslab_make.make_utility.update_paths.rst | 2025-06-18 00:42:01 | 102
/Users/onkar/RA/template/lib/gslab_make/sphinx/build/doctrees/pages/api/make_utility/gslab_make.make_utility.update_paths.doctree | 2025-06-18 00:42:01 | 7063
/Users/onkar/RA/template/lib/gslab_make/sphinx/build/html/_static/fonts/Lato/lato-bolditalic.ttf | 2025-06-18 00:42:01 | 622572
/Users/onkar/RA/template/lib/gslab_make/docs/_static/fonts/Lato/lato-bolditalic.ttf | 2025-06-18 00:42:01 | 622572
/Users/onkar/RA/template/lib/gslab_make/sphinx/build/html/_sources/pages/api/run_program/gslab_make.run_program.run_python.rst.txt | 2025-06-18 00:42:01 | 95
/Users/onkar/RA/template/lib/gslab_make/test/raw/tablefill/tablefill_no_tag.txt | 2025-06-18 00:42:01 | 56
/Users/onkar/RA/template/lib/gslab_make/docs/_sources/pages/api/run_program/gslab_make.run_program.run_latex.rst.txt | 2025-06-18 00:42:01 | 92
/Users/onkar/RA/template/lib/gslab_make/docs/pages/api/write_logs/gslab_make.write_logs.end_makelog.html | 2025-06-18 00:42:01 | 7342
/Users/onkar/RA/template/lib/gslab_make/docs/pages/repository.html | 2025-06-18 00:42:01 | 11136
/Users/onkar/RA/template/lib/gslab_make/sphinx/build/doctrees/pages/dummy.doctree | 2025-06-18 00:42:01 | 51378
/Users/onkar/RA/template/lib/gslab_make/sphinx/source/pages/api/move_sources/gslab_make.move_sources.copy_externals.rst | 2025-06-18 00:42:01 | 108
/Users/onkar/RA/template/lib/gslab_make/sphinx/build/html/_static/fonts/RobotoSlab-Regular.ttf | 2025-06-18 00:42:01 | 169064
/Users/onkar/RA/template/lib/gslab_make/sphinx/source/pages/api/run_program/gslab_make.run_program.run_matlab.rst | 2025-06-18 00:42:01 | 95
/Users/onkar/RA/template/lib/gslab_make/sphinx/source/index.rst | 2025-06-18 00:42:01 | 1039
/Users/onkar/RA/template/lib/gslab_make/gslab_make/write_logs.py | 2025-06-18 00:42:01 | 10665
/Users/onkar/RA/template/lib/gslab_make/sphinx/build/doctrees/pages/api/move_sources/gslab_make.move_sources.link_inputs.doctree | 2025-06-18 00:42:01 | 21299
/Users/onkar/RA/template/lib/gslab_make/docs/pages/api/write_logs/gslab_make.write_logs.write_to_makelog.html | 2025-06-18 00:42:01 | 7391
/Users/onkar/RA/template/lib/gslab_make/docs/_static/css/fonts/lato-normal.woff2 | 2025-06-18 00:42:01 | 182708
/Users/onkar/RA/template/lib/gslab_make/sphinx/build/html/_sources/pages/sourcing.rst.txt | 2025-06-18 00:42:01 | 548
/Users/onkar/RA/template/lib/gslab_make/sphinx/build/doctrees/pages/api/make_utility/gslab_make.make_utility.update_external_paths.doctree | 2025-06-18 00:42:01 | 9759
/Users/onkar/RA/template/lib/gslab_make/gslab_make/__pycache__/move_sources.cpython-310.pyc | 2025-06-18 00:42:10 | 17868
/Users/onkar/RA/template/lib/gslab_make/test/WIP_test_latex.py | 2025-06-18 00:42:01 | 2298
/Users/onkar/RA/template/lib/gslab_make/docs/_static/fonts/RobotoSlab/roboto-slab-v7-regular.woff | 2025-06-18 00:42:01 | 86288
/Users/onkar/RA/template/lib/gslab_make/sphinx/build/doctrees/pages/repository.doctree | 2025-06-18 00:42:01 | 24734
/Users/onkar/RA/template/lib/gslab_make/sphinx/build/html/_static/_sphinx_javascript_frameworks_compat.js | 2025-06-18 00:42:01 | 4418
/Users/onkar/RA/template/lib/gslab_make/sphinx/source/pages/api/run_program/gslab_make.run_program.execute_command.rst | 2025-06-18 00:42:01 | 110
/Users/onkar/RA/template/lib/gslab_make/sphinx/build/html/_static/documentation_options.js | 2025-06-18 00:42:01 | 420
/Users/onkar/RA/template/lib/gslab_make/sphinx/build/html/_sources/pages/api/make_utility/gslab_make.make_utility.update_external_paths.rst.txt | 2025-06-18 00:42:01 | 129
/Users/onkar/RA/template/lib/gslab_make/sphinx/build/html/_sources/pages/api/move_sources/gslab_make.move_sources.link_inputs.rst.txt | 2025-06-18 00:42:01 | 99
/Users/onkar/RA/template/lib/gslab_make/sphinx/build/html/pages/api/write_source_logs/gslab_make.write_source_logs.write_source_logs.html | 2025-06-18 00:42:01 | 10499
/Users/onkar/RA/template/lib/gslab_make/test/raw/log_outputs/dir_local/file_local.txt | 2025-06-18 00:42:01 | 20
/Users/onkar/RA/template/lib/gslab_make/sphinx/build/html/pages/api/run_program/gslab_make.run_program.run_module.html | 2025-06-18 00:42:01 | 10126
/Users/onkar/RA/template/lib/gslab_make/sphinx/source/pages/api/make_utility/gslab_make.make_utility.update_executables.rst | 2025-06-18 00:42:01 | 120
/Users/onkar/RA/template/lib/gslab_make/sphinx/build/html/_static/fonts/Inconsolata-Bold.ttf | 2025-06-18 00:42:01 | 109948
/Users/onkar/RA/template/lib/gslab_make/sphinx/source/conf.py | 2025-06-18 00:42:01 | 1537
/Users/onkar/RA/template/lib/gslab_make/gslab_make/private/__pycache__/movedirective.cpython-310.pyc | 2025-06-18 00:42:10 | 12231
/Users/onkar/RA/template/lib/gslab_make/gslab_make/private/__pycache__/exceptionclasses.cpython-310.pyc | 2025-06-18 00:42:10 | 1474
/Users/onkar/RA/template/lib/gslab_make/sphinx/build/html/_static/css/fonts/Roboto-Slab-Bold.woff | 2025-06-18 00:42:01 | 87624
/Users/onkar/RA/template/lib/gslab_make/build/lib/test/test_move_sources.py | 2025-06-18 00:42:01 | 7633
/Users/onkar/RA/template/lib/gslab_make/build/lib/gslab_make/write_source_logs.py | 2025-06-18 00:42:01 | 4866
/Users/onkar/RA/template/lib/gslab_make/sphinx/build/html/pages/api/run_program/gslab_make.run_program.run_sas.html | 2025-06-18 00:42:01 | 11516
/Users/onkar/RA/template/lib/gslab_make/docs/_static/fonts/Lato/lato-regular.eot | 2025-06-18 00:42:01 | 253461
/Users/onkar/RA/template/lib/gslab_make/test/raw/run_program/python_script_error.py | 2025-06-18 00:42:01 | 5
/Users/onkar/RA/template/lib/gslab_make/sphinx/build/html/_sources/pages/api/write_logs/gslab_make.write_logs.end_makelog.rst.txt | 2025-06-18 00:42:01 | 97
/Users/onkar/RA/template/lib/gslab_make/docs/pages/utility.html | 2025-06-18 00:42:01 | 11918
/Users/onkar/RA/template/lib/gslab_make/sphinx/build/html/_sources/pages/api/run_program/gslab_make.run_program.run_lyx.rst.txt | 2025-06-18 00:42:01 | 86
/Users/onkar/RA/template/lib/gslab_make/test/raw/run_program/lyx_file space.lyx | 2025-06-18 00:42:01 | 1608
/Users/onkar/RA/template/lib/gslab_make/docs/_static/underscore-1.12.0.js | 2025-06-18 00:42:01 | 67692
/Users/onkar/RA/template/lib/gslab_make/sphinx/build/html/_sources/pages/api/make_utility/gslab_make.make_utility.copy_output.rst.txt | 2025-06-18 00:42:01 | 99
/Users/onkar/RA/template/lib/gslab_make/test/test_log_sources.py | 2025-06-18 00:42:01 | 5021
/Users/onkar/RA/template/lib/gslab_make/gslab_make/check_repo.py | 2025-06-18 00:42:01 | 14471
/Users/onkar/RA/template/lib/gslab_make/gslab_make/__pycache__/tablefill.cpython-310.pyc | 2025-06-18 00:42:13 | 18413
/Users/onkar/RA/template/lib/gslab_make/test/raw/tablefill/tablefill_template_╬▓.lyx | 2025-06-18 00:42:01 | 4263
/Users/onkar/RA/template/lib/gslab_make/sphinx/build/doctrees/pages/api/write_logs/gslab_make.write_logs.write_to_makelog.doctree | 2025-06-18 00:42:01 | 7998
/Users/onkar/RA/template/lib/gslab_make/test/raw/log_outputs/dir_depth/dir_depth/depth_2.txt | 2025-06-18 00:42:01 | 20
/Users/onkar/RA/template/lib/gslab_make/docs/_static/fonts/Inconsolata-Bold.ttf | 2025-06-18 00:42:01 | 109948
/Users/onkar/RA/template/lib/gslab_make/gslab_make/move_sources.py | 2025-06-18 00:42:01 | 19397
/Users/onkar/RA/template/lib/gslab_make/sphinx/build/html/_sources/pages/api/run_program/gslab_make.run_program.run_stata.rst.txt | 2025-06-18 00:42:01 | 92
/Users/onkar/RA/template/lib/gslab_make/docs/_static/fonts/Lato/lato-bold.eot | 2025-06-18 00:42:01 | 256056
/Users/onkar/RA/template/lib/gslab_make/test/raw/run_program/perl_script_╬▓.pl | 2025-06-18 00:42:01 | 215
/Users/onkar/RA/template/lib/gslab_make/sphinx/build/html/pages/api/run_program/gslab_make.run_program.run_stat_transfer.html | 2025-06-18 00:42:01 | 11224
/Users/onkar/RA/template/lib/gslab_make/docs/pages/api/modify_dir/gslab_make.modify_dir.unzip.html | 2025-06-18 00:42:01 | 6593
/Users/onkar/RA/template/lib/gslab_make/gslab_make/__pycache__/modify_dir.cpython-310.pyc | 2025-06-18 00:42:10 | 6987
/Users/onkar/RA/template/lib/gslab_make/sphinx/build/html/pages/general_logging.html | 2025-06-18 00:42:01 | 14623
/Users/onkar/RA/template/lib/gslab_make/sphinx/build/html/_sources/pages/api/modify_dir/gslab_make.modify_dir.clear_dir.rst.txt | 2025-06-18 00:42:01 | 91
/Users/onkar/RA/template/lib/gslab_make/sphinx/source/pages/api/modify_dir/gslab_make.modify_dir.remove_dir.rst | 2025-06-18 00:42:01 | 94
/Users/onkar/RA/template/lib/gslab_make/docs/_sources/pages/api/move_sources/gslab_make.move_sources.copy_inputs.rst.txt | 2025-06-18 00:42:01 | 99
/Users/onkar/RA/template/lib/gslab_make/docs/_static/fonts/Lato-Regular.ttf | 2025-06-18 00:42:01 | 656568
/Users/onkar/RA/template/lib/gslab_make/sphinx/build/html/objects.inv | 2025-06-18 00:42:01 | 1891
/Users/onkar/RA/template/lib/gslab_make/sphinx/build/html/pages/api/write_logs/gslab_make.write_logs.start_makelog.html | 2025-06-18 00:42:01 | 7506
/Users/onkar/RA/template/lib/gslab_make/docs/_static/plus.png | 2025-06-18 00:42:01 | 90
/Users/onkar/RA/template/lib/gslab_make/sphinx/build/html/pages/program.html | 2025-06-18 00:42:01 | 61889
/Users/onkar/RA/template/lib/gslab_make/docs/_sources/pages/api/run_program/gslab_make.run_program.run_perl.rst.txt | 2025-06-18 00:42:01 | 89
/Users/onkar/RA/template/lib/gslab_make/test/raw/move_sources/move_file.txt | 2025-06-18 00:42:01 | 64
/Users/onkar/RA/template/lib/gslab_make/docs/_static/css/fonts/lato-normal.woff | 2025-06-18 00:42:01 | 309192
/Users/onkar/RA/template/lib/gslab_make/sphinx/build/html/_sources/pages/api/make_utility/gslab_make.make_utility.update_internal_paths.rst.txt | 2025-06-18 00:42:01 | 129
/Users/onkar/RA/template/lib/gslab_make/sphinx/source/pages/api/run_program/gslab_make.run_program.run_lyx.rst | 2025-06-18 00:42:01 | 86
/Users/onkar/RA/template/lib/gslab_make/gslab_make/modify_dir.py | 2025-06-18 00:42:01 | 7384
/Users/onkar/RA/template/lib/gslab_make/test/raw/run_program/lyx_file_comments.lyx | 2025-06-18 00:42:01 | 1694
/Users/onkar/RA/template/lib/gslab_make/docs/_static/jquery-3.2.1.js | 2025-06-18 00:42:01 | 268039
/Users/onkar/RA/template/lib/gslab_make/test/test_modify_dir.py | 2025-06-18 00:42:01 | 7852
/Users/onkar/RA/template/lib/gslab_make/docs/index.html | 2025-06-18 00:42:01 | 7435
/Users/onkar/RA/template/lib/gslab_make/docs/_sources/pages/filling.rst.txt | 2025-06-18 00:42:01 | 253
/Users/onkar/RA/template/lib/gslab_make/gslab_make/private/__pycache__/__init__.cpython-310.pyc | 2025-06-18 00:42:10 | 165
/Users/onkar/RA/template/lib/gslab_make/sphinx/source/pages/api/make_utility/gslab_make.make_utility.update_internal_paths.rst | 2025-06-18 00:42:01 | 129
/Users/onkar/RA/template/lib/gslab_make/sphinx/source/pages/api/modify_dir/gslab_make.modify_dir.unzip.rst | 2025-06-18 00:42:01 | 79
/Users/onkar/RA/template/lib/gslab_make/sphinx/source/pages/api/make_utility/gslab_make.make_utility.update_external_paths.rst | 2025-06-18 00:42:01 | 129
/Users/onkar/RA/template/lib/gslab_make/sphinx/build/doctrees/pages/api/check_repo/gslab_make.check_repo.get_modified_sources.doctree | 2025-06-18 00:42:01 | 12422
/Users/onkar/RA/template/lib/gslab_make/docs/pages/api/modify_dir/gslab_make.modify_dir.zip_dir.html | 2025-06-18 00:42:01 | 6560
/Users/onkar/RA/template/lib/gslab_make/docs/pages/program.html | 2025-06-18 00:42:01 | 61889
/Users/onkar/RA/template/lib/gslab_make/docs/_static/doctools.js | 2025-06-18 00:42:01 | 8171
/Users/onkar/RA/template/lib/gslab_make/gslab_make/__pycache__/__init__.cpython-312.pyc | 2025-06-18 00:52:22 | 1736
/Users/onkar/RA/template/lib/gslab_make/docs/_static/minus.png | 2025-06-18 00:42:01 | 90
/Users/onkar/RA/template/lib/gslab_make/docs/_static/js/badge_only.js | 2025-06-18 00:42:01 | 934
/Users/onkar/RA/template/lib/gslab_make/docs/_static/fonts/RobotoSlab/roboto-slab-v7-regular.ttf | 2025-06-18 00:42:01 | 169064
/Users/onkar/RA/template/lib/gslab_make/test/raw/run_program/lyx_file_beamer.lyx | 2025-06-18 00:42:01 | 2000
/Users/onkar/RA/template/lib/gslab_make/sphinx/build/doctrees/pages/api/modify_dir/gslab_make.modify_dir.clear_dir.doctree | 2025-06-18 00:42:01 | 9299
/Users/onkar/RA/template/lib/gslab_make/sphinx/build/html/pages/filling.html | 2025-06-18 00:42:01 | 16651
/Users/onkar/RA/template/lib/gslab_make/sphinx/build/html/_static/fonts/Lato/lato-regular.ttf | 2025-06-18 00:42:01 | 607720
/Users/onkar/RA/template/lib/gslab_make/docs/_static/fonts/RobotoSlab/roboto-slab-v7-regular.woff2 | 2025-06-18 00:42:01 | 66444
/Users/onkar/RA/template/lib/gslab_make/sphinx/source/pages/api/run_program/gslab_make.run_program.run_r.rst | 2025-06-18 00:42:01 | 80
/Users/onkar/RA/template/lib/gslab_make/test/raw/move_sources/move_dir.txt | 2025-06-18 00:42:01 | 54
/Users/onkar/RA/template/lib/gslab_make/docs/pages/api/run_program/gslab_make.run_program.run_perl.html | 2025-06-18 00:42:01 | 11106
/Users/onkar/RA/template/lib/gslab_make/gslab_make/__pycache__/run_program.cpython-310.pyc | 2025-06-18 00:42:10 | 30094
/Users/onkar/RA/template/lib/gslab_make/test/raw/log_sources/dir_depth/dir_depth/depth_2.txt | 2025-06-18 00:42:01 | 20
/Users/onkar/RA/template/lib/gslab_make/sphinx/build/html/_sources/pages/utility.rst.txt | 2025-06-18 00:42:01 | 327
/Users/onkar/RA/template/lib/gslab_make/sphinx/source/pages/api/check_repo/gslab_make.check_repo.check_module_size.rst | 2025-06-18 00:42:01 | 115
/Users/onkar/RA/template/lib/gslab_make/build/lib/gslab_make/textfill.py | 2025-06-18 00:42:01 | 5952
/Users/onkar/RA/template/lib/gslab_make/sphinx/build/html/pages/api/run_program/gslab_make.run_program.run_lyx.html | 2025-06-18 00:42:01 | 12004
/Users/onkar/RA/template/lib/gslab_make/sphinx/source/pages/general_logging.rst | 2025-06-18 00:42:01 | 655
/Users/onkar/RA/template/lib/gslab_make/sphinx/build/html/_static/css/fonts/fontawesome-webfont.woff2 | 2025-06-18 00:42:01 | 77160
/Users/onkar/RA/template/lib/gslab_make/sphinx/build/html/_sources/pages/api/modify_dir/gslab_make.modify_dir.zip_dir.rst.txt | 2025-06-18 00:42:01 | 85
/Users/onkar/RA/template/lib/gslab_make/test/raw/log_sources/dir_depth/depth_1.txt | 2025-06-18 00:42:01 | 20
/Users/onkar/RA/template/lib/gslab_make/docs/pages/api/run_program/gslab_make.run_program.run_module.html | 2025-06-18 00:42:01 | 10126
/Users/onkar/RA/template/lib/gslab_make/sphinx/build/html/_static/js/html5shiv-printshiv.min.js | 2025-06-18 00:42:01 | 4370
/Users/onkar/RA/template/lib/gslab_make/docs/pages/api/write_source_logs/gslab_make.write_source_logs.write_source_logs.html | 2025-06-18 00:42:01 | 10499
/Users/onkar/RA/template/lib/gslab_make/build/lib/gslab_make/private/utility.py | 2025-06-18 00:42:01 | 8202
/Users/onkar/RA/template/lib/gslab_make/docs/pages/api/run_program/gslab_make.run_program.execute_command.html | 2025-06-18 00:42:01 | 10991
/Users/onkar/RA/template/lib/gslab_make/sphinx/build/html/_static/fonts/Lato/lato-bold.ttf | 2025-06-18 00:42:01 | 600856
/Users/onkar/RA/template/lib/gslab_make/docs/pages/specifying_paths.html | 2025-06-18 00:42:01 | 11742
/Users/onkar/RA/template/lib/gslab_make/test/raw/move_sources/file space.txt | 2025-06-18 00:42:01 | 0
/Users/onkar/RA/template/lib/gslab_make/docs/_static/css/fonts/fontawesome-webfont.svg | 2025-06-18 00:42:01 | 444379
/Users/onkar/RA/template/lib/gslab_make/docs/_sources/pages/api/make_utility/gslab_make.make_utility.update_external_paths.rst.txt | 2025-06-18 00:42:01 | 129
/Users/onkar/RA/template/lib/gslab_make/sphinx/build/html/_static/css/fonts/lato-bold.woff | 2025-06-18 00:42:01 | 309728
/Users/onkar/RA/template/lib/gslab_make/gslab_make/run_program.py | 2025-06-18 00:42:01 | 39492
/Users/onkar/RA/template/lib/gslab_make/sphinx/build/doctrees/pages/source_logging.doctree | 2025-06-18 00:42:01 | 20322
/Users/onkar/RA/template/lib/gslab_make/build/lib/gslab_make/modify_dir.py | 2025-06-18 00:42:01 | 7384
/Users/onkar/RA/template/lib/gslab_make/sphinx/build/doctrees/pages/api/check_repo/gslab_make.check_repo.check_module_size.doctree | 2025-06-18 00:42:01 | 10601
/Users/onkar/RA/template/lib/gslab_make/sphinx/build/html/pages/api/check_repo/gslab_make.check_repo.check_conda_status.html | 2025-06-18 00:42:01 | 6903
/Users/onkar/RA/template/lib/gslab_make/docs/_static/fonts/Lato/lato-bold.woff | 2025-06-18 00:42:01 | 309728
/Users/onkar/RA/template/lib/gslab_make/test/test_move_sources.py | 2025-06-18 00:42:01 | 7633
/Users/onkar/RA/template/lib/gslab_make/docs/_static/_sphinx_javascript_frameworks_compat.js | 2025-06-18 00:42:01 | 4418
/Users/onkar/RA/template/lib/gslab_make/test/raw/log_outputs/dir space/file space.txt | 2025-06-18 00:42:01 | 20
/Users/onkar/RA/template/lib/gslab_make/build/lib/gslab_make/private/messages.py | 2025-06-18 00:42:01 | 5991
/Users/onkar/RA/template/lib/gslab_make/sphinx/source/pages/api/run_program/gslab_make.run_program.run_stata.rst | 2025-06-18 00:42:01 | 92
/Users/onkar/RA/template/lib/gslab_make/docs/_sources/pages/api/run_program/gslab_make.run_program.run_stata.rst.txt | 2025-06-18 00:42:01 | 92
/Users/onkar/RA/template/lib/gslab_make/docs/_static/jquery.js | 2025-06-18 00:42:01 | 89501
/Users/onkar/RA/template/lib/gslab_make/test/raw/log_outputs/dir_╬▓/file_╬▓.txt | 2025-06-18 00:42:01 | 25
/Users/onkar/RA/template/lib/gslab_make/sphinx/build/html/pages/dummy.html | 2025-06-18 00:42:01 | 18117
/Users/onkar/RA/template/lib/gslab_make/docs/pages/dummy.html | 2025-06-18 00:42:01 | 18117
/Users/onkar/RA/template/lib/gslab_make/docs/_static/fonts/Lato/lato-italic.ttf | 2025-06-18 00:42:01 | 639388
/Users/onkar/RA/template/lib/gslab_make/docs/pages/api/move_sources/gslab_make.move_sources.link_externals.html | 2025-06-18 00:42:01 | 12943
/Users/onkar/RA/template/lib/gslab_make/docs/_sources/pages/api/run_program/gslab_make.run_program.run_lyx.rst.txt | 2025-06-18 00:42:01 | 86
/Users/onkar/RA/template/lib/gslab_make/sphinx/build/doctrees/environment.pickle | 2025-06-18 00:42:01 | 72478
/Users/onkar/RA/template/lib/gslab_make/setup.cfg | 2025-06-18 00:42:01 | 416
/Users/onkar/RA/template/lib/gslab_make/docs/_sources/pages/api/check_repo/gslab_make.check_repo.get_modified_sources.rst.txt | 2025-06-18 00:42:01 | 124
/Users/onkar/RA/template/lib/gslab_make/test/raw/run_program/python_script.py | 2025-06-18 00:42:01 | 169
/Users/onkar/RA/template/lib/gslab_make/test/raw/log_sources/move.txt | 2025-06-18 00:42:01 | 53
/Users/onkar/RA/template/lib/gslab_make/test/raw/config/config_user_╬▓.yaml | 2025-06-18 00:42:01 | 236
/Users/onkar/RA/template/lib/gslab_make/sphinx/build/doctrees/pages/directory.doctree | 2025-06-18 00:42:01 | 27031
/Users/onkar/RA/template/lib/gslab_make/sphinx/Makefile | 2025-06-18 00:42:01 | 683
/Users/onkar/RA/template/lib/gslab_make/test/raw/tablefill/tablefill_template_extra_input.lyx | 2025-06-18 00:42:01 | 1736
/Users/onkar/RA/template/lib/gslab_make/sphinx/source/pages/api/run_program/gslab_make.run_program.run_jupyter.rst | 2025-06-18 00:42:01 | 98
/Users/onkar/RA/template/lib/gslab_make/sphinx/build/html/pages/api/modify_dir/gslab_make.modify_dir.zip_dir.html | 2025-06-18 00:42:01 | 6560
/Users/onkar/RA/template/lib/gslab_make/test/raw/run_program/lyx_file_handout.lyx | 2025-06-18 00:42:01 | 2000
/Users/onkar/RA/template/lib/gslab_make/sphinx/build/html/pages/api/run_program/gslab_make.run_program.run_python.html | 2025-06-18 00:42:01 | 11096
/Users/onkar/RA/template/lib/gslab_make/sphinx/build/html/_static/pygments.css | 2025-06-18 00:42:01 | 4819
/Users/onkar/RA/template/lib/gslab_make/docs/pages/api/check_repo/gslab_make.check_repo.check_module_size.html | 2025-06-18 00:42:01 | 8136
/Users/onkar/RA/template/lib/gslab_make/test/raw/run_program/lyx_file_comments_comments.lyx.bak | 2025-06-18 00:42:01 | 1694
/Users/onkar/RA/template/lib/gslab_make/sphinx/build/doctrees/pages/api/move_sources/gslab_make.move_sources.copy_externals.doctree | 2025-06-18 00:42:01 | 20939
/Users/onkar/RA/template/lib/gslab_make/docs/_sources/pages/api/run_program/gslab_make.run_program.run_sas.rst.txt | 2025-06-18 00:42:01 | 86
/Users/onkar/RA/template/lib/gslab_make/sphinx/build/html/_static/js/html5shiv.min.js | 2025-06-18 00:42:01 | 2734
/Users/onkar/RA/template/lib/gslab_make/test/WIP_test_matlab.py | 2025-06-18 00:42:01 | 8781
/Users/onkar/RA/template/lib/gslab_make/sphinx/build/doctrees/pages/api/run_program/gslab_make.run_program.run_stata.doctree | 2025-06-18 00:42:01 | 19191
/Users/onkar/RA/template/lib/gslab_make/docs/_static/pygments.css | 2025-06-18 00:42:01 | 4819
/Users/onkar/RA/template/lib/gslab_make/sphinx/build/html/pages/source_logging.html | 2025-06-18 00:42:01 | 10550
/Users/onkar/RA/template/lib/gslab_make/test/raw/log_sources/move_depth.txt | 2025-06-18 00:42:01 | 65
/Users/onkar/RA/template/lib/gslab_make/docs/_static/css/badge_only.css | 2025-06-18 00:42:01 | 3275
/Users/onkar/RA/template/lib/gslab_make/docs/_static/js/theme.js | 2025-06-18 00:42:01 | 5023
/Users/onkar/RA/template/lib/gslab_make/sphinx/build/html/_sources/pages/api/move_sources/gslab_make.move_sources.link_externals.rst.txt | 2025-06-18 00:42:01 | 108
/Users/onkar/RA/template/lib/gslab_make/sphinx/source/pages/api/write_source_logs/gslab_make.write_source_logs.write_source_logs.rst | 2025-06-18 00:42:01 | 122
/Users/onkar/RA/template/lib/gslab_make/gslab_make/textfill_info.py | 2025-06-18 00:42:01 | 6314
/Users/onkar/RA/template/lib/gslab_make/build/lib/gslab_make/run_program.py | 2025-06-18 00:42:01 | 39416
/Users/onkar/RA/template/lib/gslab_make/sphinx/build/html/_sources/pages/api/run_program/gslab_make.run_program.run_module.rst.txt | 2025-06-18 00:42:01 | 95
/Users/onkar/RA/template/lib/gslab_make/sphinx/build/doctrees/pages/sourcing.doctree | 2025-06-18 00:42:01 | 78753
/Users/onkar/RA/template/lib/gslab_make/sphinx/build/html/_static/js/modernizr.min.js | 2025-06-18 00:42:01 | 15414
/Users/onkar/RA/template/lib/gslab_make/docs/_sources/pages/dummy.rst.txt | 2025-06-18 00:42:01 | 741
/Users/onkar/RA/template/lib/gslab_make/test/raw/tablefill/tablefill_template.tex | 2025-06-18 00:42:01 | 942
/Users/onkar/RA/template/lib/gslab_make/sphinx/build/html/_static/fonts/RobotoSlab/roboto-slab-v7-regular.woff2 | 2025-06-18 00:42:01 | 66444
/Users/onkar/RA/template/lib/gslab_make/docs/_sources/pages/api/run_program/gslab_make.run_program.run_stat_transfer.rst.txt | 2025-06-18 00:42:01 | 116
/Users/onkar/RA/template/lib/gslab_make/docs/_sources/pages/api/run_program/gslab_make.run_program.run_matlab.rst.txt | 2025-06-18 00:42:01 | 95
/Users/onkar/RA/template/lib/gslab_make/sphinx/build/html/pages/api/move_sources/gslab_make.move_sources.copy_inputs.html | 2025-06-18 00:42:01 | 12730
/Users/onkar/RA/template/lib/gslab_make/sphinx/build/html/_sources/pages/api/make_utility/gslab_make.make_utility.update_paths.rst.txt | 2025-06-18 00:42:01 | 102
/Users/onkar/RA/template/lib/gslab_make/sphinx/build/html/searchindex.js | 2025-06-18 00:42:01 | 28186
/Users/onkar/RA/template/lib/gslab_make/sphinx/build/html/_sources/pages/api/write_source_logs/gslab_make.write_source_logs.write_source_logs.rst.txt | 2025-06-18 00:42:01 | 122
/Users/onkar/RA/template/lib/gslab_make/test/raw/config/config_user.yaml | 2025-06-18 00:42:01 | 236
/Users/onkar/RA/template/lib/gslab_make/sphinx/build/html/_static/plus.png | 2025-06-18 00:42:01 | 90
/Users/onkar/RA/template/lib/gslab_make/docs/pages/api/make_utility/gslab_make.make_utility.copy_output.html | 2025-06-18 00:42:01 | 7364
/Users/onkar/RA/template/lib/gslab_make/sphinx/source/pages/api/run_program/gslab_make.run_program.run_stat_transfer.rst | 2025-06-18 00:42:01 | 116
/Users/onkar/RA/template/lib/gslab_make/docs/_sources/pages/api/modify_dir/gslab_make.modify_dir.remove_dir.rst.txt | 2025-06-18 00:42:01 | 94
/Users/onkar/RA/template/lib/gslab_make/docs/_sources/pages/api/run_program/gslab_make.run_program.run_python.rst.txt | 2025-06-18 00:42:01 | 95
/Users/onkar/RA/template/lib/gslab_make/sphinx/build/html/_static/css/fonts/Roboto-Slab-Bold.woff2 | 2025-06-18 00:42:01 | 67312
/Users/onkar/RA/template/lib/gslab_make/test/raw/log_sources/move_╬▓.txt | 2025-06-18 00:42:01 | 67
/Users/onkar/RA/template/lib/gslab_make/build/lib/test/WIP_test_latex.py | 2025-06-18 00:42:01 | 2298
/Users/onkar/RA/template/lib/gslab_make/sphinx/build/html/_static/fonts/Inconsolata.ttf | 2025-06-18 00:42:01 | 63184
/Users/onkar/RA/template/lib/gslab_make/docs/_sources/pages/utility.rst.txt | 2025-06-18 00:42:01 | 327
/Users/onkar/RA/template/lib/gslab_make/docs/_static/js/modernizr.min.js | 2025-06-18 00:42:01 | 15414
/Users/onkar/RA/template/lib/gslab_make/docs/_static/css/fonts/lato-normal-italic.woff | 2025-06-18 00:42:01 | 328412
/Users/onkar/RA/template/lib/gslab_make/sphinx/build/html/_static/css/badge_only.css | 2025-06-18 00:42:01 | 3275
/Users/onkar/RA/template/lib/gslab_make/sphinx/build/doctrees/pages/api/run_program/gslab_make.run_program.run_lyx.doctree | 2025-06-18 00:42:01 | 22079
/Users/onkar/RA/template/lib/gslab_make/test/raw/move_sources/move_╬▓.txt | 2025-06-18 00:42:01 | 78
/Users/onkar/RA/template/lib/gslab_make/docs/_sources/pages/api/modify_dir/gslab_make.modify_dir.clear_dir.rst.txt | 2025-06-18 00:42:01 | 91
/Users/onkar/RA/template/lib/gslab_make/sphinx/build/html/_static/fonts/Lato/lato-regular.woff2 | 2025-06-18 00:42:01 | 182708
/Users/onkar/RA/template/lib/gslab_make/gslab_make/tablefill_info.py | 2025-06-18 00:42:01 | 8432
/Users/onkar/RA/template/lib/gslab_make/build/lib/gslab_make/private/programdirective.py | 2025-06-18 00:42:01 | 10360
/Users/onkar/RA/template/lib/gslab_make/test/raw/run_program/matlab_script_╬▓.m | 2025-06-18 00:42:01 | 91
/Users/onkar/RA/template/lib/gslab_make/sphinx/build/html/_static/file.png | 2025-06-18 00:42:01 | 286
/Users/onkar/RA/template/lib/gslab_make/docs/pages/api/run_program/gslab_make.run_program.run_python.html | 2025-06-18 00:42:01 | 11096
/Users/onkar/RA/template/lib/gslab_make/test/raw/run_program/wrong_extension.txt | 2025-06-18 00:42:01 | 0
/Users/onkar/RA/template/lib/gslab_make/docs/_static/css/fonts/Roboto-Slab-Regular.woff | 2025-06-18 00:42:01 | 86288
/Users/onkar/RA/template/lib/gslab_make/docs/_static/searchtools.js | 2025-06-18 00:42:01 | 17120
/Users/onkar/RA/template/lib/gslab_make/sphinx/README.md | 2025-06-18 00:42:01 | 1340
/Users/onkar/RA/template/lib/gslab_make/sphinx/build/html/pages/api/make_utility/gslab_make.make_utility.copy_output.html | 2025-06-18 00:42:01 | 7364
/Users/onkar/RA/template/lib/gslab_make/docs/_static/fonts/Lato/lato-regular.woff2 | 2025-06-18 00:42:01 | 182708
/Users/onkar/RA/template/lib/gslab_make/sphinx/build/html/_static/fonts/RobotoSlab/roboto-slab-v7-regular.woff | 2025-06-18 00:42:01 | 86288
/Users/onkar/RA/template/lib/gslab_make/test/raw/run_program/perl_script_arg.pl | 2025-06-18 00:42:01 | 206
/Users/onkar/RA/template/lib/gslab_make/test/raw/run_program/perl_script space.pl | 2025-06-18 00:42:01 | 208
/Users/onkar/RA/template/lib/gslab_make/docs/_static/fonts/RobotoSlab/roboto-slab-v7-bold.woff | 2025-06-18 00:42:01 | 87624
/Users/onkar/RA/template/lib/gslab_make/docs/pages/api/make_utility/gslab_make.make_utility.update_executables.html | 2025-06-18 00:42:01 | 8060
/Users/onkar/RA/template/lib/gslab_make/docs/pages/api/run_program/gslab_make.run_program.run_matlab.html | 2025-06-18 00:42:01 | 11102
/Users/onkar/RA/template/lib/gslab_make/gslab_make/textfill.py | 2025-06-18 00:42:01 | 5952
/Users/onkar/RA/template/lib/gslab_make/docs/pages/api/run_program/gslab_make.run_program.run_stat_transfer.html | 2025-06-18 00:42:01 | 11224
/Users/onkar/RA/template/lib/gslab_make/sphinx/build/html/_static/graphviz.css | 2025-06-18 00:42:01 | 299
/Users/onkar/RA/template/lib/gslab_make/docs/_sources/pages/api/run_program/gslab_make.run_program.execute_command.rst.txt | 2025-06-18 00:42:01 | 110
/Users/onkar/RA/template/lib/gslab_make/docs/_static/css/fonts/lato-normal-italic.woff2 | 2025-06-18 00:42:01 | 195704
/Users/onkar/RA/template/lib/gslab_make/sphinx/build/html/_sources/pages/api/check_repo/gslab_make.check_repo.get_modified_sources.rst.txt | 2025-06-18 00:42:01 | 124
/Users/onkar/RA/template/lib/gslab_make/test/raw/tablefill/tablefill_template.lyx | 2025-06-18 00:42:01 | 4256
/Users/onkar/RA/template/lib/gslab_make/test/raw/run_program/stata_script.do | 2025-06-18 00:42:01 | 108
/Users/onkar/RA/template/lib/gslab_make/sphinx/source/pages/api/write_logs/gslab_make.write_logs.start_makelog.rst | 2025-06-18 00:42:01 | 103
/Users/onkar/RA/template/lib/gslab_make/gslab_make/private/subprocess_fix.py | 2025-06-18 00:42:01 | 5428
/Users/onkar/RA/template/lib/gslab_make/test/raw/log_sources/move space.txt | 2025-06-18 00:42:01 | 65
/Users/onkar/RA/template/lib/gslab_make/docs/_static/underscore-1.3.1.js | 2025-06-18 00:42:01 | 35168
/Users/onkar/RA/template/lib/gslab_make/docs/_sources/pages/api/modify_dir/gslab_make.modify_dir.zip_dir.rst.txt | 2025-06-18 00:42:01 | 85
/Users/onkar/RA/template/lib/gslab_make/sphinx/source/pages/api/write_logs/gslab_make.write_logs.log_files_in_output.rst | 2025-06-18 00:42:01 | 121
/Users/onkar/RA/template/lib/gslab_make/docs/pages/directory.html | 2025-06-18 00:42:01 | 12642
/Users/onkar/RA/template/lib/gslab_make/gslab_make/__pycache__/check_repo.cpython-312.pyc | 2025-06-18 00:52:22 | 18605
/Users/onkar/RA/template/lib/gslab_make/sphinx/source/pages/api/run_program/gslab_make.run_program.run_latex.rst | 2025-06-18 00:42:01 | 92
/Users/onkar/RA/template/lib/gslab_make/test/raw/tablefill/tablefill_duplicated.txt | 2025-06-18 00:42:01 | 66
/Users/onkar/RA/template/lib/gslab_make/docs/_sources/pages/api/run_program/gslab_make.run_program.run_r.rst.txt | 2025-06-18 00:42:01 | 80
/Users/onkar/RA/template/lib/gslab_make/test/raw/tablefill/tablefill_╬▓.txt | 2025-06-18 00:42:01 | 73
/Users/onkar/RA/template/lib/gslab_make/sphinx/build/html/_static/fonts/Lato-Regular.ttf | 2025-06-18 00:42:01 | 656568
/Users/onkar/RA/template/lib/gslab_make/docs/_static/fonts/fontawesome-webfont.ttf | 2025-06-18 00:42:01 | 165548
/Users/onkar/RA/template/lib/gslab_make/docs/_static/css/theme.css | 2025-06-18 00:42:01 | 129674
/Users/onkar/RA/template/lib/gslab_make/sphinx/build/html/_static/fonts/Lato/lato-bold.woff | 2025-06-18 00:42:01 | 309728
/Users/onkar/RA/template/lib/gslab_make/sphinx/build/html/pages/api/run_program/gslab_make.run_program.run_stata.html | 2025-06-18 00:42:01 | 11383
/Users/onkar/RA/template/lib/gslab_make/docs/_static/fonts/fontawesome-webfont.woff | 2025-06-18 00:42:01 | 98024
/Users/onkar/RA/template/lib/gslab_make/test/raw/run_program/matlab_script_error.m | 2025-06-18 00:42:01 | 5
/Users/onkar/RA/template/lib/gslab_make/sphinx/source/pages/api/run_program/gslab_make.run_program.run_python.rst | 2025-06-18 00:42:01 | 95
/Users/onkar/RA/template/lib/gslab_make/docs/_static/fonts/RobotoSlab/roboto-slab-v7-bold.woff2 | 2025-06-18 00:42:01 | 67312
/Users/onkar/RA/template/lib/gslab_make/sphinx/build/html/_sources/pages/filling.rst.txt | 2025-06-18 00:42:01 | 253
/Users/onkar/RA/template/lib/gslab_make/LICENSE.txt | 2025-06-18 00:42:01 | 1083
/Users/onkar/RA/template/lib/gslab_make/docs/_static/basic.css | 2025-06-18 00:42:01 | 14621
/Users/onkar/RA/template/lib/gslab_make/sphinx/build/html/_static/css/theme.css | 2025-06-18 00:42:01 | 129674
/Users/onkar/RA/template/lib/gslab_make/sphinx/source/pages/repository.rst | 2025-06-18 00:42:01 | 363
/Users/onkar/RA/template/lib/gslab_make/sphinx/build/html/_sources/pages/api/modify_dir/gslab_make.modify_dir.remove_dir.rst.txt | 2025-06-18 00:42:01 | 94
/Users/onkar/RA/template/lib/gslab_make/test/README.md | 2025-06-18 00:42:01 | 830
/Users/onkar/RA/template/lib/gslab_make/sphinx/source/pages/program.rst | 2025-06-18 00:42:01 | 2704
/Users/onkar/RA/template/lib/gslab_make/sphinx/build/html/pages/api/make_utility/gslab_make.make_utility.update_external_paths.html | 2025-06-18 00:42:01 | 8194
/Users/onkar/RA/template/lib/gslab_make/build/lib/test/__init__.py | 2025-06-18 00:42:01 | 0
/Users/onkar/RA/template/lib/gslab_make/build/lib/gslab_make/private/subprocess_fix.py | 2025-06-18 00:42:01 | 5428
/Users/onkar/RA/template/lib/gslab_make/README.md | 2025-06-18 00:42:01 | 2006
/Users/onkar/RA/template/lib/gslab_make/docs/_static/css/fonts/fontawesome-webfont.ttf | 2025-06-18 00:42:01 | 165548
/Users/onkar/RA/template/lib/gslab_make/docs/pages/general_logging.html | 2025-06-18 00:42:01 | 14623
/Users/onkar/RA/template/lib/gslab_make/sphinx/build/html/_static/fonts/Lato/lato-regular.eot | 2025-06-18 00:42:01 | 253461
/Users/onkar/RA/template/lib/gslab_make/docs/pages/api/move_sources/gslab_make.move_sources.copy_externals.html | 2025-06-18 00:42:01 | 12720
/Users/onkar/RA/template/lib/gslab_make/docs/_sources/pages/specifying_paths.rst.txt | 2025-06-18 00:42:01 | 2616
/Users/onkar/RA/template/lib/gslab_make/build/lib/test/test_tablefill.py | 2025-06-18 00:42:01 | 4588
/Users/onkar/RA/template/lib/gslab_make/sphinx/build/html/_static/fonts/RobotoSlab/roboto-slab-v7-bold.woff2 | 2025-06-18 00:42:01 | 67312
/Users/onkar/RA/template/lib/gslab_make/sphinx/source/pages/api/modify_dir/gslab_make.modify_dir.zip_dir.rst | 2025-06-18 00:42:01 | 85
/Users/onkar/RA/template/lib/gslab_make/sphinx/build/doctrees/pages/api/make_utility/gslab_make.make_utility.copy_output.doctree | 2025-06-18 00:42:01 | 7134
/Users/onkar/RA/template/lib/gslab_make/docs/_sources/pages/api/move_sources/gslab_make.move_sources.link_externals.rst.txt | 2025-06-18 00:42:01 | 108
/Users/onkar/RA/template/lib/gslab_make/sphinx/build/html/_static/fonts/fontawesome-webfont.woff | 2025-06-18 00:42:01 | 98024
/Users/onkar/RA/template/lib/gslab_make/build/lib/gslab_make/private/__init__.py | 2025-06-18 00:42:01 | 0
/Users/onkar/RA/template/lib/gslab_make/sphinx/build/html/_static/css/fonts/lato-bold-italic.woff | 2025-06-18 00:42:01 | 323344
/Users/onkar/RA/template/lib/gslab_make/build/lib/test/utility.py | 2025-06-18 00:42:01 | 1404
/Users/onkar/RA/template/lib/gslab_make/docs/_static/fonts/Inconsolata.ttf | 2025-06-18 00:42:01 | 63184
/Users/onkar/RA/template/lib/gslab_make/docs/_static/fonts/fontawesome-webfont.svg | 2025-06-18 00:42:01 | 444379
/Users/onkar/RA/template/lib/gslab_make/docs/_static/css/fonts/fontawesome-webfont.eot | 2025-06-18 00:42:01 | 165742
/Users/onkar/RA/template/lib/gslab_make/sphinx/build/doctrees/pages/api/run_program/gslab_make.run_program.run_matlab.doctree | 2025-06-18 00:42:01 | 18357
/Users/onkar/RA/template/lib/gslab_make/sphinx/build/html/pages/sourcing.html | 2025-06-18 00:42:01 | 32970
/Users/onkar/RA/template/lib/gslab_make/docs/_sources/pages/source_logging.rst.txt | 2025-06-18 00:42:01 | 380
/Users/onkar/RA/template/lib/gslab_make/sphinx/build/doctrees/pages/api/run_program/gslab_make.run_program.execute_command.doctree | 2025-06-18 00:42:01 | 15362
/Users/onkar/RA/template/lib/gslab_make/gslab_make/private/messages.py | 2025-06-18 00:42:01 | 5991
/Users/onkar/RA/template/lib/gslab_make/sphinx/build/html/_sources/pages/directory.rst.txt | 2025-06-18 00:42:01 | 344
/Users/onkar/RA/template/lib/gslab_make/sphinx/build/html/_static/css/fonts/lato-bold.woff2 | 2025-06-18 00:42:01 | 184912
/Users/onkar/RA/template/lib/gslab_make/gslab_make/private/__pycache__/utility.cpython-310.pyc | 2025-06-18 00:42:10 | 6581
/Users/onkar/RA/template/lib/gslab_make/docs/_static/file.png | 2025-06-18 00:42:01 | 286
/Users/onkar/RA/template/lib/gslab_make/sphinx/build/doctrees/pages/api/run_program/gslab_make.run_program.run_python.doctree | 2025-06-18 00:42:01 | 18482
/Users/onkar/RA/template/lib/gslab_make/test/raw/run_program/perl_script.pl | 2025-06-18 00:42:01 | 208
/Users/onkar/RA/template/lib/gslab_make/sphinx/build/html/_static/fonts/Lato/lato-italic.woff2 | 2025-06-18 00:42:01 | 195704
/Users/onkar/RA/template/lib/gslab_make/docs/_sources/index.rst.txt | 2025-06-18 00:42:01 | 1039
/Users/onkar/RA/template/lib/gslab_make/sphinx/build/html/_sources/pages/repository.rst.txt | 2025-06-18 00:42:01 | 363
/Users/onkar/RA/template/lib/gslab_make/docs/_sources/pages/api/move_sources/gslab_make.move_sources.link_inputs.rst.txt | 2025-06-18 00:42:01 | 99
/Users/onkar/RA/template/lib/gslab_make/sphinx/build/html/pages/api/make_utility/gslab_make.make_utility.update_internal_paths.html | 2025-06-18 00:42:01 | 7751
/Users/onkar/RA/template/lib/gslab_make/docs/pages/api/modify_dir/gslab_make.modify_dir.clear_dir.html | 2025-06-18 00:42:01 | 7761
/Users/onkar/RA/template/lib/gslab_make/sphinx/build/html/_sources/pages/general_logging.rst.txt | 2025-06-18 00:42:01 | 655
/Users/onkar/RA/template/lib/gslab_make/sphinx/source/pages/filling.rst | 2025-06-18 00:42:01 | 253
/Users/onkar/RA/template/lib/gslab_make/sphinx/build/html/_static/css/fonts/fontawesome-webfont.ttf | 2025-06-18 00:42:01 | 165548
/Users/onkar/RA/template/lib/gslab_make/test/raw/run_program/latex_file.tex | 2025-06-18 00:42:01 | 276
/Users/onkar/RA/template/lib/gslab_make/docs/_static/js/html5shiv-printshiv.min.js | 2025-06-18 00:42:01 | 4370
/Users/onkar/RA/template/lib/gslab_make/docs/_static/fonts/RobotoSlab-Regular.ttf | 2025-06-18 00:42:01 | 169064
/Users/onkar/RA/template/lib/gslab_make/docs/_static/fonts/Lato/lato-bolditalic.woff | 2025-06-18 00:42:01 | 323344
/Users/onkar/RA/template/lib/gslab_make/build/lib/test/EXCLUDE_test_perl.py | 2025-06-18 00:42:01 | 9024
/Users/onkar/RA/template/lib/gslab_make/docs/_static/graphviz.css | 2025-06-18 00:42:01 | 299
/Users/onkar/RA/template/lib/gslab_make/build/lib/test/test_makelog.py | 2025-06-18 00:42:01 | 2622
/Users/onkar/RA/template/lib/gslab_make/sphinx/build/html/pages/api/modify_dir/gslab_make.modify_dir.clear_dir.html | 2025-06-18 00:42:01 | 7761
/Users/onkar/RA/template/lib/gslab_make/sphinx/build/doctrees/pages/api/move_sources/gslab_make.move_sources.copy_inputs.doctree | 2025-06-18 00:42:01 | 20846
/Users/onkar/RA/template/lib/gslab_make/build/lib/gslab_make/private/exceptionclasses.py | 2025-06-18 00:42:01 | 943
/Users/onkar/RA/template/lib/gslab_make/test/raw/config/config_user_bad_executables.yaml | 2025-06-18 00:42:01 | 249
/Users/onkar/RA/template/lib/gslab_make/sphinx/build/html/_sources/pages/api/write_logs/gslab_make.write_logs.start_makelog.rst.txt | 2025-06-18 00:42:01 | 103
/Users/onkar/RA/template/lib/__init__.py | 2025-06-18 00:26:46 | 0
/Users/onkar/RA/template/lib/gslab_make/test/test_makelog.py | 2025-06-18 00:42:01 | 2622
/Users/onkar/RA/template/lib/gslab_make/test/raw/tablefill/tablefill_template_too_many_values.lyx | 2025-06-18 00:42:01 | 4701
/Users/onkar/RA/template/lib/gslab_make/docs/_sources/pages/repository.rst.txt | 2025-06-18 00:42:01 | 363
/Users/onkar/RA/template/lib/gslab_make/build/lib/test/test_log_outputs.py | 2025-06-18 00:42:01 | 5431
/Users/onkar/RA/template/lib/gslab_make/sphinx/source/pages/dummy.rst | 2025-06-18 00:42:01 | 741
/Users/onkar/RA/template/lib/gslab_make/sphinx/build/doctrees/pages/program.doctree | 2025-06-18 00:42:01 | 214592
/Users/onkar/RA/template/lib/gslab_make/test/raw/run_program/stata_script_╬▓.do | 2025-06-18 00:42:01 | 115
/Users/onkar/RA/template/lib/gslab_make/sphinx/build/html/_sources/pages/api/modify_dir/gslab_make.modify_dir.unzip.rst.txt | 2025-06-18 00:42:01 | 79
/Users/onkar/RA/template/lib/gslab_make/sphinx/build/html/pages/api/write_logs/gslab_make.write_logs.log_files_in_output.html | 2025-06-18 00:42:01 | 10522
/Users/onkar/RA/template/lib/gslab_make/gslab_make/private/movedirective.py | 2025-06-18 00:42:01 | 12767
/Users/onkar/RA/template/lib/gslab_make/sphinx/build/html/_static/fonts/RobotoSlab/roboto-slab-v7-regular.ttf | 2025-06-18 00:42:01 | 169064
/Users/onkar/RA/template/lib/gslab_make/sphinx/build/html/_static/fonts/RobotoSlab/roboto-slab-v7-bold.eot | 2025-06-18 00:42:01 | 79520
/Users/onkar/RA/template/lib/gslab_make/sphinx/build/html/_sources/pages/specifying_paths.rst.txt | 2025-06-18 00:42:01 | 2616
/Users/onkar/RA/template/lib/gslab_make/sphinx/build/html/_sources/pages/api/run_program/gslab_make.run_program.run_sas.rst.txt | 2025-06-18 00:42:01 | 86
/Users/onkar/RA/template/lib/gslab_make/docs/pages/sourcing.html | 2025-06-18 00:42:01 | 32970
/Users/onkar/RA/template/lib/gslab_make/docs/_sources/pages/api/make_utility/gslab_make.make_utility.update_executables.rst.txt | 2025-06-18 00:42:01 | 120
/Users/onkar/RA/template/lib/gslab_make/test/raw/tablefill/tablefill_template_not_enough_values.lyx | 2025-06-18 00:42:01 | 3823
/Users/onkar/RA/template/lib/gslab_make/docs/_sources/pages/api/write_logs/gslab_make.write_logs.end_makelog.rst.txt | 2025-06-18 00:42:01 | 97
/Users/onkar/RA/template/lib/gslab_make/test/raw/move_sources/move_bad_wildcard.txt | 2025-06-18 00:42:01 | 112
/Users/onkar/RA/template/lib/gslab_make/test/test_make_utility.py | 2025-06-18 00:42:01 | 4867
/Users/onkar/RA/template/lib/gslab_make/test/raw/run_program/lyx_file_╬▓.lyx | 2025-06-18 00:42:01 | 1608
/Users/onkar/RA/template/lib/gslab_make/test/raw/run_program/stata_script space.do | 2025-06-18 00:42:01 | 108
/Users/onkar/RA/template/lib/gslab_make/sphinx/build/html/_static/underscore-1.12.0.js | 2025-06-18 00:42:01 | 67692
/Users/onkar/RA/template/lib/gslab_make/sphinx/build/html/_sources/pages/api/run_program/gslab_make.run_program.execute_command.rst.txt | 2025-06-18 00:42:01 | 110
/Users/onkar/RA/template/lib/gslab_make/sphinx/build/html/_sources/index.rst.txt | 2025-06-18 00:42:01 | 1039
/Users/onkar/RA/template/lib/gslab_make/sphinx/build/html/pages/api/run_program/gslab_make.run_program.run_perl.html | 2025-06-18 00:42:01 | 11106
/Users/onkar/RA/template/lib/gslab_make/docs/_sources/pages/api/write_logs/gslab_make.write_logs.start_makelog.rst.txt | 2025-06-18 00:42:01 | 103
/Users/onkar/RA/template/lib/gslab_make/docs/_static/documentation_options.js | 2025-06-18 00:42:01 | 420
/Users/onkar/RA/template/lib/gslab_make/sphinx/source/pages/api/tablefill/gslab_make.tablefill.tablefill.rst | 2025-06-18 00:42:01 | 90
/Users/onkar/RA/template/lib/gslab_make/test/raw/config/config_bad.yaml | 2025-06-18 00:42:01 | 987
/Users/onkar/RA/template/lib/gslab_make/sphinx/build/html/_static/css/fonts/lato-bold-italic.woff2 | 2025-06-18 00:42:01 | 193308
/Users/onkar/RA/template/lib/gslab_make/sphinx/build/html/_sources/pages/api/check_repo/gslab_make.check_repo.check_module_size.rst.txt | 2025-06-18 00:42:01 | 115
/Users/onkar/RA/template/lib/gslab_make/test/EXCLUDE_test_stata.py | 2025-06-18 00:42:01 | 8779
/Users/onkar/RA/template/lib/gslab_make/build/lib/gslab_make/__init__.py | 2025-06-18 00:42:01 | 2685
/Users/onkar/RA/template/lib/gslab_make/test/raw/config/config.yaml | 2025-06-18 00:42:01 | 1004
/Users/onkar/RA/template/lib/gslab_make/gslab_make/make_utility.py | 2025-06-18 00:42:01 | 5785
/Users/onkar/RA/template/lib/gslab_make/sphinx/build/html/_static/css/fonts/lato-normal-italic.woff | 2025-06-18 00:42:01 | 328412
/Users/onkar/RA/template/lib/gslab_make/build/lib/gslab_make/tablefill_info.py | 2025-06-18 00:42:01 | 8432
/Users/onkar/RA/template/lib/gslab_make/docs/_sources/pages/api/run_program/gslab_make.run_program.run_mathematica.rst.txt | 2025-06-18 00:42:01 | 110
/Users/onkar/RA/template/lib/gslab_make/sphinx/build/html/_static/js/badge_only.js | 2025-06-18 00:42:01 | 934
/Users/onkar/RA/template/lib/gslab_make/gslab_make/__pycache__/make_utility.cpython-310.pyc | 2025-06-18 00:42:13 | 5668
/Users/onkar/RA/template/lib/gslab_make/sphinx/build/html/_static/language_data.js | 2025-06-18 00:42:01 | 4758
/Users/onkar/RA/template/lib/gslab_make/sphinx/build/html/_static/css/fonts/lato-normal.woff2 | 2025-06-18 00:42:01 | 182708
/Users/onkar/RA/template/lib/gslab_make/gslab_make/__pycache__/write_source_logs.cpython-310.pyc | 2025-06-18 00:42:13 | 4667
/Users/onkar/RA/template/lib/gslab_make/docs/_static/fonts/fontawesome-webfont.eot | 2025-06-18 00:42:01 | 165742
/Users/onkar/RA/template/lib/gslab_make/build/lib/test/test_modify_dir.py | 2025-06-18 00:42:01 | 7852
/Users/onkar/RA/template/lib/gslab_make/sphinx/build/html/pages/api/run_program/gslab_make.run_program.run_jupyter.html | 2025-06-18 00:42:01 | 10603
/Users/onkar/RA/template/lib/gslab_make/sphinx/build/html/_static/underscore-1.13.1.js | 2025-06-18 00:42:01 | 68420
/Users/onkar/RA/template/lib/gslab_make/sphinx/build/html/pages/api/modify_dir/gslab_make.modify_dir.remove_dir.html | 2025-06-18 00:42:01 | 7960
/Users/onkar/RA/template/lib/gslab_make/sphinx/build/html/pages/api/write_logs/gslab_make.write_logs.end_makelog.html | 2025-06-18 00:42:01 | 7342
/Users/onkar/RA/template/lib/gslab_make/docs/_static/underscore.js | 2025-06-18 00:42:01 | 19530
/Users/onkar/RA/template/lib/gslab_make/build/lib/test/test_make_utility.py | 2025-06-18 00:42:01 | 4867
/Users/onkar/RA/template/lib/gslab_make/test/raw/log_outputs/dir_depth/depth_1.txt | 2025-06-18 00:42:01 | 20
/Users/onkar/RA/template/lib/gslab_make/sphinx/build/html/_static/minus.png | 2025-06-18 00:42:01 | 90
/Users/onkar/RA/template/lib/gslab_make/sphinx/build/html/_sources/pages/api/move_sources/gslab_make.move_sources.copy_inputs.rst.txt | 2025-06-18 00:42:01 | 99
/Users/onkar/RA/template/lib/gslab_make/docs/pages/api/move_sources/gslab_make.move_sources.link_inputs.html | 2025-06-18 00:42:01 | 12909
/Users/onkar/RA/template/lib/gslab_make/docs/_static/fonts/RobotoSlab/roboto-slab-v7-bold.ttf | 2025-06-18 00:42:01 | 170616
/Users/onkar/RA/template/lib/gslab_make/gslab_make/private/exceptionclasses.py | 2025-06-18 00:42:01 | 943
/Users/onkar/RA/template/lib/gslab_make/docs/_static/css/fonts/Roboto-Slab-Bold.woff2 | 2025-06-18 00:42:01 | 67312
/Users/onkar/RA/template/lib/gslab_make/test/raw/config/config_user_bad.yaml | 2025-06-18 00:42:01 | 131
/Users/onkar/RA/template/lib/gslab_make/sphinx/build/html/_static/jquery-3.2.1.js | 2025-06-18 00:42:01 | 268039
/Users/onkar/RA/template/lib/gslab_make/sphinx/build/html/_sources/pages/api/run_program/gslab_make.run_program.run_jupyter.rst.txt | 2025-06-18 00:42:01 | 98
/Users/onkar/RA/template/lib/gslab_make/sphinx/build/html/search.html | 2025-06-18 00:42:01 | 4679
/Users/onkar/RA/template/lib/gslab_make/sphinx/build/html/pages/api/check_repo/gslab_make.check_repo.check_module_size.html | 2025-06-18 00:42:01 | 8136
/Users/onkar/RA/template/lib/gslab_make/gslab_make/private/metadata.py | 2025-06-18 00:42:01 | 3937
/Users/onkar/RA/template/lib/gslab_make/test/raw/move_sources/move_missing.txt | 2025-06-18 00:42:01 | 80
/Users/onkar/RA/template/lib/gslab_make/sphinx/build/html/pages/directory.html | 2025-06-18 00:42:01 | 12642
/Users/onkar/RA/template/lib/gslab_make/gslab_make/private/__pycache__/programdirective.cpython-310.pyc | 2025-06-18 00:42:13 | 10119
/Users/onkar/RA/template/lib/gslab_make/sphinx/source/pages/api/check_repo/gslab_make.check_repo.check_conda_status.rst | 2025-06-18 00:42:01 | 118
/Users/onkar/RA/template/lib/gslab_make/sphinx/build/html/_static/css/fonts/lato-normal-italic.woff2 | 2025-06-18 00:42:01 | 195704
/Users/onkar/RA/template/lib/gslab_make/sphinx/build/html/_sources/pages/api/run_program/gslab_make.run_program.run_perl.rst.txt | 2025-06-18 00:42:01 | 89
/Users/onkar/RA/template/lib/gslab_make/sphinx/build/html/pages/api/modify_dir/gslab_make.modify_dir.unzip.html | 2025-06-18 00:42:01 | 6593
/Users/onkar/RA/template/lib/gslab_make/docs/search.html | 2025-06-18 00:42:01 | 4679
/Users/onkar/RA/template/lib/gslab_make/test/raw/log_outputs/recursion.txt | 2025-06-18 00:42:01 | 34
/Users/onkar/RA/template/lib/gslab_make/sphinx/build/doctrees/pages/api/make_utility/gslab_make.make_utility.update_executables.doctree | 2025-06-18 00:42:01 | 9768
/Users/onkar/RA/template/lib/gslab_make/docs/_sources/pages/api/check_repo/gslab_make.check_repo.check_module_size.rst.txt | 2025-06-18 00:42:01 | 115
/Users/onkar/RA/template/lib/gslab_make/test/raw/log_sources/dir/file.txt | 2025-06-18 00:42:01 | 20
/Users/onkar/RA/template/lib/gslab_make/sphinx/build/html/_static/css/fonts/Roboto-Slab-Regular.woff | 2025-06-18 00:42:01 | 86288
/Users/onkar/RA/template/lib/gslab_make/sphinx/build/doctrees/pages/api/write_logs/gslab_make.write_logs.log_files_in_output.doctree | 2025-06-18 00:42:01 | 17431
/Users/onkar/RA/template/lib/gslab_make/gslab_make/private/__pycache__/messages.cpython-310.pyc | 2025-06-18 00:42:10 | 5613
/Users/onkar/RA/template/lib/gslab_make/gslab_make/private/__init__.py | 2025-06-18 00:42:01 | 0
/Users/onkar/RA/template/lib/gslab_make/sphinx/build/doctrees/pages/api/write_logs/gslab_make.write_logs.start_makelog.doctree | 2025-06-18 00:42:01 | 7574
/Users/onkar/RA/template/lib/gslab_make/sphinx/build/html/_static/underscore-1.3.1.js | 2025-06-18 00:42:01 | 35168
/Users/onkar/RA/template/lib/gslab_make/sphinx/build/doctrees/pages/api/run_program/gslab_make.run_program.run_module.doctree | 2025-06-18 00:42:01 | 12746
/Users/onkar/RA/template/lib/gslab_make/test/raw/run_program/python_script_╬▓.py | 2025-06-18 00:42:01 | 169
/Users/onkar/RA/template/lib/gslab_make/docs/_static/fonts/Lato/lato-italic.woff | 2025-06-18 00:42:01 | 328412
/Users/onkar/RA/template/lib/gslab_make/docs/_static/fonts/RobotoSlab/roboto-slab-v7-bold.eot | 2025-06-18 00:42:01 | 79520
